<?xml version="1.0" encoding="UTF-8"?>
<coverage generated="1598452962079" clover="3.2.0">
  <project timestamp="1598452962079" name="All files">
    <metrics statements="181" coveredstatements="62" conditionals="26" coveredconditionals="1" methods="93" coveredmethods="3" elements="300" coveredelements="66" complexity="0" loc="181" ncloc="181" packages="15" files="80" classes="80"/>
    <package name="react-native-instagram-clone">
      <metrics statements="1" coveredstatements="1" conditionals="0" coveredconditionals="0" methods="1" coveredmethods="1"/>
      <file name="App.js" path="/Users/burak/Desktop/react-native-instagram-clone/App.js">
        <metrics statements="1" coveredstatements="1" conditionals="0" coveredconditionals="0" methods="1" coveredmethods="1"/>
        <line num="6" count="1" type="stmt"/>
      </file>
    </package>
    <package name="react-native-instagram-clone.src">
      <metrics statements="8" coveredstatements="7" conditionals="2" coveredconditionals="1" methods="3" coveredmethods="2"/>
      <file name="AppNavigator.js" path="/Users/burak/Desktop/react-native-instagram-clone/src/AppNavigator.js">
        <metrics statements="8" coveredstatements="7" conditionals="2" coveredconditionals="1" methods="3" coveredmethods="2"/>
        <line num="19" count="1" type="stmt"/>
        <line num="22" count="1" type="stmt"/>
        <line num="24" count="1" type="stmt"/>
        <line num="25" count="0" type="stmt"/>
        <line num="27" count="1" type="stmt"/>
        <line num="108" count="1" type="stmt"/>
        <line num="109" count="1" type="cond" truecount="1" falsecount="1"/>
        <line num="127" count="1" type="stmt"/>
      </file>
    </package>
    <package name="react-native-instagram-clone.src.components">
      <metrics statements="2" coveredstatements="1" conditionals="0" coveredconditionals="0" methods="1" coveredmethods="0"/>
      <file name="StoryListItem.js" path="/Users/burak/Desktop/react-native-instagram-clone/src/components/StoryListItem.js">
        <metrics statements="2" coveredstatements="1" conditionals="0" coveredconditionals="0" methods="1" coveredmethods="0"/>
        <line num="6" count="0" type="stmt"/>
        <line num="29" count="1" type="stmt"/>
      </file>
    </package>
    <package name="react-native-instagram-clone.src.containers.main">
      <metrics statements="25" coveredstatements="0" conditionals="20" coveredconditionals="0" methods="14" coveredmethods="0"/>
      <file name="MainNavigator.js" path="/Users/burak/Desktop/react-native-instagram-clone/src/containers/main/MainNavigator.js">
        <metrics statements="11" coveredstatements="0" conditionals="0" coveredconditionals="0" methods="11" coveredmethods="0"/>
        <line num="13" count="0" type="stmt"/>
        <line num="14" count="0" type="stmt"/>
        <line num="15" count="0" type="stmt"/>
        <line num="33" count="0" type="stmt"/>
        <line num="73" count="0" type="stmt"/>
        <line num="76" count="0" type="stmt"/>
        <line num="88" count="0" type="stmt"/>
        <line num="96" count="0" type="stmt"/>
        <line num="103" count="0" type="stmt"/>
        <line num="111" count="0" type="stmt"/>
        <line num="129" count="0" type="stmt"/>
      </file>
      <file name="TabNavigator.js" path="/Users/burak/Desktop/react-native-instagram-clone/src/containers/main/TabNavigator.js">
        <metrics statements="14" coveredstatements="0" conditionals="20" coveredconditionals="0" methods="3" coveredmethods="0"/>
        <line num="15" count="0" type="stmt"/>
        <line num="16" count="0" type="stmt"/>
        <line num="27" count="0" type="stmt"/>
        <line num="31" count="0" type="cond" truecount="0" falsecount="2"/>
        <line num="32" count="0" type="cond" truecount="0" falsecount="2"/>
        <line num="33" count="0" type="cond" truecount="0" falsecount="2"/>
        <line num="34" count="0" type="cond" truecount="0" falsecount="2"/>
        <line num="35" count="0" type="cond" truecount="0" falsecount="2"/>
        <line num="36" count="0" type="cond" truecount="0" falsecount="2"/>
        <line num="37" count="0" type="cond" truecount="0" falsecount="2"/>
        <line num="38" count="0" type="cond" truecount="0" falsecount="2"/>
        <line num="39" count="0" type="cond" truecount="0" falsecount="2"/>
        <line num="40" count="0" type="cond" truecount="0" falsecount="2"/>
        <line num="43" count="0" type="stmt"/>
      </file>
    </package>
    <package name="react-native-instagram-clone.src.containers.main.activity">
      <metrics statements="4" coveredstatements="0" conditionals="0" coveredconditionals="0" methods="3" coveredmethods="0"/>
      <file name="activityNavigator.js" path="/Users/burak/Desktop/react-native-instagram-clone/src/containers/main/activity/activityNavigator.js">
        <metrics statements="3" coveredstatements="0" conditionals="0" coveredconditionals="0" methods="2" coveredmethods="0"/>
        <line num="8" count="0" type="stmt"/>
        <line num="10" count="0" type="stmt"/>
        <line num="18" count="0" type="stmt"/>
      </file>
      <file name="activityScreen.js" path="/Users/burak/Desktop/react-native-instagram-clone/src/containers/main/activity/activityScreen.js">
        <metrics statements="1" coveredstatements="0" conditionals="0" coveredconditionals="0" methods="1" coveredmethods="0"/>
        <line num="6" count="0" type="stmt"/>
      </file>
    </package>
    <package name="react-native-instagram-clone.src.containers.main.addPost">
      <metrics statements="3" coveredstatements="0" conditionals="0" coveredconditionals="0" methods="2" coveredmethods="0"/>
      <file name="addPostNavigator.js" path="/Users/burak/Desktop/react-native-instagram-clone/src/containers/main/addPost/addPostNavigator.js">
        <metrics statements="2" coveredstatements="0" conditionals="0" coveredconditionals="0" methods="1" coveredmethods="0"/>
        <line num="8" count="0" type="stmt"/>
        <line num="10" count="0" type="stmt"/>
      </file>
      <file name="addPostScreen.js" path="/Users/burak/Desktop/react-native-instagram-clone/src/containers/main/addPost/addPostScreen.js">
        <metrics statements="1" coveredstatements="0" conditionals="0" coveredconditionals="0" methods="1" coveredmethods="0"/>
        <line num="6" count="0" type="stmt"/>
      </file>
    </package>
    <package name="react-native-instagram-clone.src.containers.main.home">
      <metrics statements="16" coveredstatements="1" conditionals="0" coveredconditionals="0" methods="10" coveredmethods="0"/>
      <file name="homeNavigator.js" path="/Users/burak/Desktop/react-native-instagram-clone/src/containers/main/home/homeNavigator.js">
        <metrics statements="9" coveredstatements="1" conditionals="0" coveredconditionals="0" methods="6" coveredmethods="0"/>
        <line num="19" count="0" type="stmt"/>
        <line num="20" count="0" type="stmt"/>
        <line num="21" count="0" type="stmt"/>
        <line num="26" count="0" type="stmt"/>
        <line num="33" count="0" type="stmt"/>
        <line num="35" count="0" type="stmt"/>
        <line num="44" count="0" type="stmt"/>
        <line num="47" count="0" type="stmt"/>
        <line num="77" count="1" type="stmt"/>
      </file>
      <file name="homeScreen.js" path="/Users/burak/Desktop/react-native-instagram-clone/src/containers/main/home/homeScreen.js">
        <metrics statements="7" coveredstatements="0" conditionals="0" coveredconditionals="0" methods="4" coveredmethods="0"/>
        <line num="11" count="0" type="stmt"/>
        <line num="24" count="0" type="stmt"/>
        <line num="26" count="0" type="stmt"/>
        <line num="36" count="0" type="stmt"/>
        <line num="69" count="0" type="stmt"/>
        <line num="74" count="0" type="stmt"/>
        <line num="84" count="0" type="stmt"/>
      </file>
    </package>
    <package name="react-native-instagram-clone.src.containers.main.home.DirectMessage">
      <metrics statements="9" coveredstatements="2" conditionals="0" coveredconditionals="0" methods="7" coveredmethods="0"/>
      <file name="DirectMessageScreen.js" path="/Users/burak/Desktop/react-native-instagram-clone/src/containers/main/home/DirectMessage/DirectMessageScreen.js">
        <metrics statements="3" coveredstatements="1" conditionals="0" coveredconditionals="0" methods="2" coveredmethods="0"/>
        <line num="10" count="1" type="stmt"/>
        <line num="13" count="0" type="stmt"/>
        <line num="19" count="0" type="stmt"/>
      </file>
      <file name="DirectMessageSearch.js" path="/Users/burak/Desktop/react-native-instagram-clone/src/containers/main/home/DirectMessage/DirectMessageSearch.js">
        <metrics statements="1" coveredstatements="0" conditionals="0" coveredconditionals="0" methods="1" coveredmethods="0"/>
        <line num="6" count="0" type="stmt"/>
      </file>
      <file name="MessageListItem.js" path="/Users/burak/Desktop/react-native-instagram-clone/src/containers/main/home/DirectMessage/MessageListItem.js">
        <metrics statements="1" coveredstatements="0" conditionals="0" coveredconditionals="0" methods="1" coveredmethods="0"/>
        <line num="8" count="0" type="stmt"/>
      </file>
      <file name="MessagesList.js" path="/Users/burak/Desktop/react-native-instagram-clone/src/containers/main/home/DirectMessage/MessagesList.js">
        <metrics statements="3" coveredstatements="1" conditionals="0" coveredconditionals="0" methods="2" coveredmethods="0"/>
        <line num="8" count="1" type="stmt"/>
        <line num="35" count="0" type="stmt"/>
        <line num="38" count="0" type="stmt"/>
      </file>
      <file name="Title.js" path="/Users/burak/Desktop/react-native-instagram-clone/src/containers/main/home/DirectMessage/Title.js">
        <metrics statements="1" coveredstatements="0" conditionals="0" coveredconditionals="0" methods="1" coveredmethods="0"/>
        <line num="6" count="0" type="stmt"/>
      </file>
    </package>
    <package name="react-native-instagram-clone.src.containers.main.home.StoryCamera">
      <metrics statements="8" coveredstatements="1" conditionals="0" coveredconditionals="0" methods="4" coveredmethods="0"/>
      <file name="StoryCamera.js" path="/Users/burak/Desktop/react-native-instagram-clone/src/containers/main/home/StoryCamera/StoryCamera.js">
        <metrics statements="8" coveredstatements="1" conditionals="0" coveredconditionals="0" methods="4" coveredmethods="0"/>
        <line num="9" count="0" type="stmt"/>
        <line num="10" count="0" type="stmt"/>
        <line num="11" count="0" type="stmt"/>
        <line num="13" count="0" type="stmt"/>
        <line num="16" count="0" type="stmt"/>
        <line num="22" count="0" type="stmt"/>
        <line num="24" count="0" type="stmt"/>
        <line num="34" count="1" type="stmt"/>
      </file>
    </package>
    <package name="react-native-instagram-clone.src.containers.main.home.post">
      <metrics statements="26" coveredstatements="3" conditionals="4" coveredconditionals="0" methods="17" coveredmethods="0"/>
      <file name="Post.js" path="/Users/burak/Desktop/react-native-instagram-clone/src/containers/main/home/post/Post.js">
        <metrics statements="1" coveredstatements="0" conditionals="0" coveredconditionals="0" methods="1" coveredmethods="0"/>
        <line num="11" count="0" type="stmt"/>
      </file>
      <file name="PostActions.js" path="/Users/burak/Desktop/react-native-instagram-clone/src/containers/main/home/post/PostActions.js">
        <metrics statements="14" coveredstatements="1" conditionals="4" coveredconditionals="0" methods="7" coveredmethods="0"/>
        <line num="6" count="0" type="cond" truecount="0" falsecount="2"/>
        <line num="7" count="0" type="stmt"/>
        <line num="9" count="0" type="stmt"/>
        <line num="13" count="0" type="cond" truecount="0" falsecount="2"/>
        <line num="14" count="0" type="stmt"/>
        <line num="16" count="0" type="stmt"/>
        <line num="21" count="0" type="stmt"/>
        <line num="22" count="0" type="stmt"/>
        <line num="23" count="0" type="stmt"/>
        <line num="26" count="0" type="stmt"/>
        <line num="29" count="0" type="stmt"/>
        <line num="32" count="0" type="stmt"/>
        <line num="36" count="0" type="stmt"/>
        <line num="46" count="1" type="stmt"/>
      </file>
      <file name="PostComments.js" path="/Users/burak/Desktop/react-native-instagram-clone/src/containers/main/home/post/PostComments.js">
        <metrics statements="2" coveredstatements="0" conditionals="0" coveredconditionals="0" methods="2" coveredmethods="0"/>
        <line num="6" count="0" type="stmt"/>
        <line num="9" count="0" type="stmt"/>
      </file>
      <file name="PostHeader.js" path="/Users/burak/Desktop/react-native-instagram-clone/src/containers/main/home/post/PostHeader.js">
        <metrics statements="2" coveredstatements="1" conditionals="0" coveredconditionals="0" methods="1" coveredmethods="0"/>
        <line num="9" count="0" type="stmt"/>
        <line num="30" count="1" type="stmt"/>
      </file>
      <file name="PostImage.js" path="/Users/burak/Desktop/react-native-instagram-clone/src/containers/main/home/post/PostImage.js">
        <metrics statements="2" coveredstatements="1" conditionals="0" coveredconditionals="0" methods="1" coveredmethods="0"/>
        <line num="5" count="0" type="stmt"/>
        <line num="8" count="1" type="stmt"/>
      </file>
      <file name="PostLikes.js" path="/Users/burak/Desktop/react-native-instagram-clone/src/containers/main/home/post/PostLikes.js">
        <metrics statements="2" coveredstatements="0" conditionals="0" coveredconditionals="0" methods="2" coveredmethods="0"/>
        <line num="6" count="0" type="stmt"/>
        <line num="8" count="0" type="stmt"/>
      </file>
      <file name="PostPublishDate.js" path="/Users/burak/Desktop/react-native-instagram-clone/src/containers/main/home/post/PostPublishDate.js">
        <metrics statements="2" coveredstatements="0" conditionals="0" coveredconditionals="0" methods="2" coveredmethods="0"/>
        <line num="6" count="0" type="stmt"/>
        <line num="7" count="0" type="stmt"/>
      </file>
      <file name="PostText.js" path="/Users/burak/Desktop/react-native-instagram-clone/src/containers/main/home/post/PostText.js">
        <metrics statements="1" coveredstatements="0" conditionals="0" coveredconditionals="0" methods="1" coveredmethods="0"/>
        <line num="6" count="0" type="stmt"/>
      </file>
    </package>
    <package name="react-native-instagram-clone.src.containers.main.home.story">
      <metrics statements="7" coveredstatements="2" conditionals="0" coveredconditionals="0" methods="5" coveredmethods="0"/>
      <file name="StoryContainer.js" path="/Users/burak/Desktop/react-native-instagram-clone/src/containers/main/home/story/StoryContainer.js">
        <metrics statements="4" coveredstatements="1" conditionals="0" coveredconditionals="0" methods="3" coveredmethods="0"/>
        <line num="8" count="0" type="stmt"/>
        <line num="16" count="0" type="stmt"/>
        <line num="18" count="0" type="stmt"/>
        <line num="25" count="1" type="stmt"/>
      </file>
      <file name="StoryListItem.js" path="/Users/burak/Desktop/react-native-instagram-clone/src/containers/main/home/story/StoryListItem.js">
        <metrics statements="2" coveredstatements="1" conditionals="0" coveredconditionals="0" methods="1" coveredmethods="0"/>
        <line num="6" count="0" type="stmt"/>
        <line num="29" count="1" type="stmt"/>
      </file>
      <file name="StoryScreen.js" path="/Users/burak/Desktop/react-native-instagram-clone/src/containers/main/home/story/StoryScreen.js">
        <metrics statements="1" coveredstatements="0" conditionals="0" coveredconditionals="0" methods="1" coveredmethods="0"/>
        <line num="5" count="0" type="stmt"/>
      </file>
    </package>
    <package name="react-native-instagram-clone.src.containers.main.profile">
      <metrics statements="19" coveredstatements="3" conditionals="0" coveredconditionals="0" methods="15" coveredmethods="0"/>
      <file name="ConstantStories.js" path="/Users/burak/Desktop/react-native-instagram-clone/src/containers/main/profile/ConstantStories.js">
        <metrics statements="1" coveredstatements="0" conditionals="0" coveredconditionals="0" methods="1" coveredmethods="0"/>
        <line num="9" count="0" type="stmt"/>
      </file>
      <file name="EditProfileButton.js" path="/Users/burak/Desktop/react-native-instagram-clone/src/containers/main/profile/EditProfileButton.js">
        <metrics statements="1" coveredstatements="0" conditionals="0" coveredconditionals="0" methods="1" coveredmethods="0"/>
        <line num="7" count="0" type="stmt"/>
      </file>
      <file name="LineSeperator.js" path="/Users/burak/Desktop/react-native-instagram-clone/src/containers/main/profile/LineSeperator.js">
        <metrics statements="1" coveredstatements="0" conditionals="0" coveredconditionals="0" methods="1" coveredmethods="0"/>
        <line num="5" count="0" type="stmt"/>
      </file>
      <file name="ProfileGrid.js" path="/Users/burak/Desktop/react-native-instagram-clone/src/containers/main/profile/ProfileGrid.js">
        <metrics statements="5" coveredstatements="1" conditionals="0" coveredconditionals="0" methods="4" coveredmethods="0"/>
        <line num="5" count="1" type="stmt"/>
        <line num="23" count="0" type="stmt"/>
        <line num="26" count="0" type="stmt"/>
        <line num="43" count="0" type="stmt"/>
        <line num="47" count="0" type="stmt"/>
      </file>
      <file name="ProfileHeader.js" path="/Users/burak/Desktop/react-native-instagram-clone/src/containers/main/profile/ProfileHeader.js">
        <metrics statements="2" coveredstatements="1" conditionals="0" coveredconditionals="0" methods="1" coveredmethods="0"/>
        <line num="6" count="0" type="stmt"/>
        <line num="39" count="1" type="stmt"/>
      </file>
      <file name="UserBio.js" path="/Users/burak/Desktop/react-native-instagram-clone/src/containers/main/profile/UserBio.js">
        <metrics statements="1" coveredstatements="0" conditionals="0" coveredconditionals="0" methods="1" coveredmethods="0"/>
        <line num="5" count="0" type="stmt"/>
      </file>
      <file name="gridIcon.js" path="/Users/burak/Desktop/react-native-instagram-clone/src/containers/main/profile/gridIcon.js">
        <metrics statements="1" coveredstatements="0" conditionals="0" coveredconditionals="0" methods="1" coveredmethods="0"/>
        <line num="7" count="0" type="stmt"/>
      </file>
      <file name="profileNavigator.js" path="/Users/burak/Desktop/react-native-instagram-clone/src/containers/main/profile/profileNavigator.js">
        <metrics statements="4" coveredstatements="0" conditionals="0" coveredconditionals="0" methods="3" coveredmethods="0"/>
        <line num="10" count="0" type="stmt"/>
        <line num="12" count="0" type="stmt"/>
        <line num="32" count="0" type="stmt"/>
        <line num="48" count="0" type="stmt"/>
      </file>
      <file name="profileScreen.js" path="/Users/burak/Desktop/react-native-instagram-clone/src/containers/main/profile/profileScreen.js">
        <metrics statements="3" coveredstatements="1" conditionals="0" coveredconditionals="0" methods="2" coveredmethods="0"/>
        <line num="14" count="1" type="stmt"/>
        <line num="17" count="0" type="stmt"/>
        <line num="28" count="0" type="stmt"/>
      </file>
    </package>
    <package name="react-native-instagram-clone.src.containers.main.search">
      <metrics statements="14" coveredstatements="2" conditionals="0" coveredconditionals="0" methods="11" coveredmethods="0"/>
      <file name="SearchGrid.js" path="/Users/burak/Desktop/react-native-instagram-clone/src/containers/main/search/SearchGrid.js">
        <metrics statements="4" coveredstatements="1" conditionals="0" coveredconditionals="0" methods="3" coveredmethods="0"/>
        <line num="5" count="1" type="stmt"/>
        <line num="22" count="0" type="stmt"/>
        <line num="133" count="0" type="stmt"/>
        <line num="137" count="0" type="stmt"/>
      </file>
      <file name="SearchTopTags.js" path="/Users/burak/Desktop/react-native-instagram-clone/src/containers/main/search/SearchTopTags.js">
        <metrics statements="5" coveredstatements="1" conditionals="0" coveredconditionals="0" methods="4" coveredmethods="0"/>
        <line num="6" count="1" type="stmt"/>
        <line num="22" count="0" type="stmt"/>
        <line num="23" count="0" type="stmt"/>
        <line num="49" count="0" type="stmt"/>
        <line num="55" count="0" type="stmt"/>
      </file>
      <file name="searchNavigator.js" path="/Users/burak/Desktop/react-native-instagram-clone/src/containers/main/search/searchNavigator.js">
        <metrics statements="4" coveredstatements="0" conditionals="0" coveredconditionals="0" methods="3" coveredmethods="0"/>
        <line num="10" count="0" type="stmt"/>
        <line num="12" count="0" type="stmt"/>
        <line num="23" count="0" type="stmt"/>
        <line num="25" count="0" type="stmt"/>
      </file>
      <file name="searchScreen.js" path="/Users/burak/Desktop/react-native-instagram-clone/src/containers/main/search/searchScreen.js">
        <metrics statements="1" coveredstatements="0" conditionals="0" coveredconditionals="0" methods="1" coveredmethods="0"/>
        <line num="9" count="0" type="stmt"/>
      </file>
    </package>
    <package name="react-native-instagram-clone.src.res">
      <metrics statements="3" coveredstatements="3" conditionals="0" coveredconditionals="0" methods="0" coveredmethods="0"/>
      <file name="colors.js" path="/Users/burak/Desktop/react-native-instagram-clone/src/res/colors.js">
        <metrics statements="1" coveredstatements="1" conditionals="0" coveredconditionals="0" methods="0" coveredmethods="0"/>
        <line num="1" count="1" type="stmt"/>
      </file>
      <file name="images.js" path="/Users/burak/Desktop/react-native-instagram-clone/src/res/images.js">
        <metrics statements="1" coveredstatements="1" conditionals="0" coveredconditionals="0" methods="0" coveredmethods="0"/>
        <line num="1" count="1" type="stmt"/>
      </file>
      <file name="palette.js" path="/Users/burak/Desktop/react-native-instagram-clone/src/res/palette.js">
        <metrics statements="1" coveredstatements="1" conditionals="0" coveredconditionals="0" methods="0" coveredmethods="0"/>
        <line num="2" count="1" type="stmt"/>
      </file>
    </package>
    <package name="react-native-instagram-clone.src.res.images">
      <metrics statements="36" coveredstatements="36" conditionals="0" coveredconditionals="0" methods="0" coveredmethods="0"/>
      <file name="activity.png" path="/Users/burak/Desktop/react-native-instagram-clone/src/res/images/activity.png">
        <metrics statements="1" coveredstatements="1" conditionals="0" coveredconditionals="0" methods="0" coveredmethods="0"/>
        <line num="1" count="1" type="stmt"/>
      </file>
      <file name="activity_selected.png" path="/Users/burak/Desktop/react-native-instagram-clone/src/res/images/activity_selected.png">
        <metrics statements="1" coveredstatements="1" conditionals="0" coveredconditionals="0" methods="0" coveredmethods="0"/>
        <line num="1" count="1" type="stmt"/>
      </file>
      <file name="add.png" path="/Users/burak/Desktop/react-native-instagram-clone/src/res/images/add.png">
        <metrics statements="1" coveredstatements="1" conditionals="0" coveredconditionals="0" methods="0" coveredmethods="0"/>
        <line num="1" count="1" type="stmt"/>
      </file>
      <file name="addIcon.png" path="/Users/burak/Desktop/react-native-instagram-clone/src/res/images/addIcon.png">
        <metrics statements="1" coveredstatements="1" conditionals="0" coveredconditionals="0" methods="0" coveredmethods="0"/>
        <line num="1" count="1" type="stmt"/>
      </file>
      <file name="add_selected.png" path="/Users/burak/Desktop/react-native-instagram-clone/src/res/images/add_selected.png">
        <metrics statements="1" coveredstatements="1" conditionals="0" coveredconditionals="0" methods="0" coveredmethods="0"/>
        <line num="1" count="1" type="stmt"/>
      </file>
      <file name="backButton.png" path="/Users/burak/Desktop/react-native-instagram-clone/src/res/images/backButton.png">
        <metrics statements="1" coveredstatements="1" conditionals="0" coveredconditionals="0" methods="0" coveredmethods="0"/>
        <line num="1" count="1" type="stmt"/>
      </file>
      <file name="bookmark.png" path="/Users/burak/Desktop/react-native-instagram-clone/src/res/images/bookmark.png">
        <metrics statements="1" coveredstatements="1" conditionals="0" coveredconditionals="0" methods="0" coveredmethods="0"/>
        <line num="1" count="1" type="stmt"/>
      </file>
      <file name="bookmarkWhite.png" path="/Users/burak/Desktop/react-native-instagram-clone/src/res/images/bookmarkWhite.png">
        <metrics statements="1" coveredstatements="1" conditionals="0" coveredconditionals="0" methods="0" coveredmethods="0"/>
        <line num="1" count="1" type="stmt"/>
      </file>
      <file name="close.png" path="/Users/burak/Desktop/react-native-instagram-clone/src/res/images/close.png">
        <metrics statements="1" coveredstatements="1" conditionals="0" coveredconditionals="0" methods="0" coveredmethods="0"/>
        <line num="1" count="1" type="stmt"/>
      </file>
      <file name="comment.png" path="/Users/burak/Desktop/react-native-instagram-clone/src/res/images/comment.png">
        <metrics statements="1" coveredstatements="1" conditionals="0" coveredconditionals="0" methods="0" coveredmethods="0"/>
        <line num="1" count="1" type="stmt"/>
      </file>
      <file name="direct_message.png" path="/Users/burak/Desktop/react-native-instagram-clone/src/res/images/direct_message.png">
        <metrics statements="1" coveredstatements="1" conditionals="0" coveredconditionals="0" methods="0" coveredmethods="0"/>
        <line num="1" count="1" type="stmt"/>
      </file>
      <file name="dmBackButton.png" path="/Users/burak/Desktop/react-native-instagram-clone/src/res/images/dmBackButton.png">
        <metrics statements="1" coveredstatements="1" conditionals="0" coveredconditionals="0" methods="0" coveredmethods="0"/>
        <line num="1" count="1" type="stmt"/>
      </file>
      <file name="dmBottomCamera.png" path="/Users/burak/Desktop/react-native-instagram-clone/src/res/images/dmBottomCamera.png">
        <metrics statements="1" coveredstatements="1" conditionals="0" coveredconditionals="0" methods="0" coveredmethods="0"/>
        <line num="1" count="1" type="stmt"/>
      </file>
      <file name="dot.png" path="/Users/burak/Desktop/react-native-instagram-clone/src/res/images/dot.png">
        <metrics statements="1" coveredstatements="1" conditionals="0" coveredconditionals="0" methods="0" coveredmethods="0"/>
        <line num="1" count="1" type="stmt"/>
      </file>
      <file name="facebookLogo.png" path="/Users/burak/Desktop/react-native-instagram-clone/src/res/images/facebookLogo.png">
        <metrics statements="1" coveredstatements="1" conditionals="0" coveredconditionals="0" methods="0" coveredmethods="0"/>
        <line num="1" count="1" type="stmt"/>
      </file>
      <file name="flash.png" path="/Users/burak/Desktop/react-native-instagram-clone/src/res/images/flash.png">
        <metrics statements="1" coveredstatements="1" conditionals="0" coveredconditionals="0" methods="0" coveredmethods="0"/>
        <line num="1" count="1" type="stmt"/>
      </file>
      <file name="gridIcon.png" path="/Users/burak/Desktop/react-native-instagram-clone/src/res/images/gridIcon.png">
        <metrics statements="1" coveredstatements="1" conditionals="0" coveredconditionals="0" methods="0" coveredmethods="0"/>
        <line num="1" count="1" type="stmt"/>
      </file>
      <file name="home.png" path="/Users/burak/Desktop/react-native-instagram-clone/src/res/images/home.png">
        <metrics statements="1" coveredstatements="1" conditionals="0" coveredconditionals="0" methods="0" coveredmethods="0"/>
        <line num="1" count="1" type="stmt"/>
      </file>
      <file name="home_selected.png" path="/Users/burak/Desktop/react-native-instagram-clone/src/res/images/home_selected.png">
        <metrics statements="1" coveredstatements="1" conditionals="0" coveredconditionals="0" methods="0" coveredmethods="0"/>
        <line num="1" count="1" type="stmt"/>
      </file>
      <file name="like.png" path="/Users/burak/Desktop/react-native-instagram-clone/src/res/images/like.png">
        <metrics statements="1" coveredstatements="1" conditionals="0" coveredconditionals="0" methods="0" coveredmethods="0"/>
        <line num="1" count="1" type="stmt"/>
      </file>
      <file name="list3.png" path="/Users/burak/Desktop/react-native-instagram-clone/src/res/images/list3.png">
        <metrics statements="1" coveredstatements="1" conditionals="0" coveredconditionals="0" methods="0" coveredmethods="0"/>
        <line num="1" count="1" type="stmt"/>
      </file>
      <file name="logo.png" path="/Users/burak/Desktop/react-native-instagram-clone/src/res/images/logo.png">
        <metrics statements="1" coveredstatements="1" conditionals="0" coveredconditionals="0" methods="0" coveredmethods="0"/>
        <line num="1" count="1" type="stmt"/>
      </file>
      <file name="logoBlack.png" path="/Users/burak/Desktop/react-native-instagram-clone/src/res/images/logoBlack.png">
        <metrics statements="1" coveredstatements="1" conditionals="0" coveredconditionals="0" methods="0" coveredmethods="0"/>
        <line num="1" count="1" type="stmt"/>
      </file>
      <file name="more.png" path="/Users/burak/Desktop/react-native-instagram-clone/src/res/images/more.png">
        <metrics statements="1" coveredstatements="1" conditionals="0" coveredconditionals="0" methods="0" coveredmethods="0"/>
        <line num="1" count="1" type="stmt"/>
      </file>
      <file name="photo_camera.png" path="/Users/burak/Desktop/react-native-instagram-clone/src/res/images/photo_camera.png">
        <metrics statements="1" coveredstatements="1" conditionals="0" coveredconditionals="0" methods="0" coveredmethods="0"/>
        <line num="1" count="1" type="stmt"/>
      </file>
      <file name="plusIcon.png" path="/Users/burak/Desktop/react-native-instagram-clone/src/res/images/plusIcon.png">
        <metrics statements="1" coveredstatements="1" conditionals="0" coveredconditionals="0" methods="0" coveredmethods="0"/>
        <line num="1" count="1" type="stmt"/>
      </file>
      <file name="profile.png" path="/Users/burak/Desktop/react-native-instagram-clone/src/res/images/profile.png">
        <metrics statements="1" coveredstatements="1" conditionals="0" coveredconditionals="0" methods="0" coveredmethods="0"/>
        <line num="1" count="1" type="stmt"/>
      </file>
      <file name="profile_selected.png" path="/Users/burak/Desktop/react-native-instagram-clone/src/res/images/profile_selected.png">
        <metrics statements="1" coveredstatements="1" conditionals="0" coveredconditionals="0" methods="0" coveredmethods="0"/>
        <line num="1" count="1" type="stmt"/>
      </file>
      <file name="redHeart.png" path="/Users/burak/Desktop/react-native-instagram-clone/src/res/images/redHeart.png">
        <metrics statements="1" coveredstatements="1" conditionals="0" coveredconditionals="0" methods="0" coveredmethods="0"/>
        <line num="1" count="1" type="stmt"/>
      </file>
      <file name="search.png" path="/Users/burak/Desktop/react-native-instagram-clone/src/res/images/search.png">
        <metrics statements="1" coveredstatements="1" conditionals="0" coveredconditionals="0" methods="0" coveredmethods="0"/>
        <line num="1" count="1" type="stmt"/>
      </file>
      <file name="searchInputIcon.png" path="/Users/burak/Desktop/react-native-instagram-clone/src/res/images/searchInputIcon.png">
        <metrics statements="1" coveredstatements="1" conditionals="0" coveredconditionals="0" methods="0" coveredmethods="0"/>
        <line num="1" count="1" type="stmt"/>
      </file>
      <file name="search_selected.png" path="/Users/burak/Desktop/react-native-instagram-clone/src/res/images/search_selected.png">
        <metrics statements="1" coveredstatements="1" conditionals="0" coveredconditionals="0" methods="0" coveredmethods="0"/>
        <line num="1" count="1" type="stmt"/>
      </file>
      <file name="settings.png" path="/Users/burak/Desktop/react-native-instagram-clone/src/res/images/settings.png">
        <metrics statements="1" coveredstatements="1" conditionals="0" coveredconditionals="0" methods="0" coveredmethods="0"/>
        <line num="1" count="1" type="stmt"/>
      </file>
      <file name="test.png" path="/Users/burak/Desktop/react-native-instagram-clone/src/res/images/test.png">
        <metrics statements="1" coveredstatements="1" conditionals="0" coveredconditionals="0" methods="0" coveredmethods="0"/>
        <line num="1" count="1" type="stmt"/>
      </file>
      <file name="video_camera.png" path="/Users/burak/Desktop/react-native-instagram-clone/src/res/images/video_camera.png">
        <metrics statements="1" coveredstatements="1" conditionals="0" coveredconditionals="0" methods="0" coveredmethods="0"/>
        <line num="1" count="1" type="stmt"/>
      </file>
      <file name="write.png" path="/Users/burak/Desktop/react-native-instagram-clone/src/res/images/write.png">
        <metrics statements="1" coveredstatements="1" conditionals="0" coveredconditionals="0" methods="0" coveredmethods="0"/>
        <line num="1" count="1" type="stmt"/>
      </file>
    </package>
  </project>
</coverage>
