{"/Users/burak/Desktop/react-native-instagram-clone/App.js": {"path":"/Users/burak/Desktop/react-native-instagram-clone/App.js","statementMap":{"0":{"start":{"line":6,"column":2},"end":{"line":6,"column":71}}},"fnMap":{"0":{"name":"App","decl":{"start":{"line":5,"column":9},"end":{"line":5,"column":12}},"loc":{"start":{"line":5,"column":15},"end":{"line":7,"column":1}},"line":5}},"branchMap":{},"s":{"0":1},"f":{"0":1},"b":{},"_coverageSchema":"1a1c01bbd47fc00a2c39e90264f33305004495a9","hash":"b6a9f6e715536b47326cc7f37e2c921a463c5054"}
,"/Users/burak/Desktop/react-native-instagram-clone/src/AppNavigator.js": {"path":"/Users/burak/Desktop/react-native-instagram-clone/src/AppNavigator.js","statementMap":{"0":{"start":{"line":19,"column":0},"end":{"line":19,"column":39}},"1":{"start":{"line":22,"column":34},"end":{"line":22,"column":55}},"2":{"start":{"line":24,"column":25},"end":{"line":26,"column":5}},"3":{"start":{"line":25,"column":6},"end":{"line":25,"column":24}},"4":{"start":{"line":27,"column":4},"end":{"line":106,"column":6}},"5":{"start":{"line":108,"column":16},"end":{"line":108,"column":38}},"6":{"start":{"line":109,"column":2},"end":{"line":124,"column":4}},"7":{"start":{"line":127,"column":15},"end":{"line":188,"column":2}}},"fnMap":{"0":{"name":"AppNavigator","decl":{"start":{"line":21,"column":24},"end":{"line":21,"column":36}},"loc":{"start":{"line":21,"column":39},"end":{"line":125,"column":1}},"line":21},"1":{"name":"LoginScreen","decl":{"start":{"line":23,"column":11},"end":{"line":23,"column":22}},"loc":{"start":{"line":23,"column":25},"end":{"line":107,"column":3}},"line":23},"2":{"name":"(anonymous_2)","decl":{"start":{"line":24,"column":25},"end":{"line":24,"column":26}},"loc":{"start":{"line":24,"column":37},"end":{"line":26,"column":5}},"line":24}},"branchMap":{"0":{"loc":{"start":{"line":109,"column":9},"end":{"line":124,"column":3}},"type":"cond-expr","locations":[{"start":{"line":110,"column":4},"end":{"line":110,"column":21}},{"start":{"line":112,"column":4},"end":{"line":123,"column":22}}],"line":109}},"s":{"0":1,"1":1,"2":1,"3":0,"4":1,"5":1,"6":1,"7":1},"f":{"0":1,"1":1,"2":0},"b":{"0":[0,1]},"_coverageSchema":"1a1c01bbd47fc00a2c39e90264f33305004495a9","hash":"7e2f0526f5bafee0a7285d4da09b20e5f23d7cf9"}
,"/Users/burak/Desktop/react-native-instagram-clone/src/components/StoryListItem.js": {"path":"/Users/burak/Desktop/react-native-instagram-clone/src/components/StoryListItem.js","statementMap":{"0":{"start":{"line":6,"column":2},"end":{"line":26,"column":4}},"1":{"start":{"line":29,"column":15},"end":{"line":43,"column":2}}},"fnMap":{"0":{"name":"StoryListItem","decl":{"start":{"line":5,"column":24},"end":{"line":5,"column":37}},"loc":{"start":{"line":5,"column":66},"end":{"line":27,"column":1}},"line":5}},"branchMap":{},"s":{"0":0,"1":1},"f":{"0":0},"b":{},"_coverageSchema":"1a1c01bbd47fc00a2c39e90264f33305004495a9","hash":"d0f14ab3895a3087af1b2e47fa9bb0ac61250b16"}
,"/Users/burak/Desktop/react-native-instagram-clone/src/containers/main/MainNavigator.js": {"path":"/Users/burak/Desktop/react-native-instagram-clone/src/containers/main/MainNavigator.js","statementMap":{"0":{"start":{"line":13,"column":16},"end":{"line":13,"column":38}},"1":{"start":{"line":14,"column":32},"end":{"line":14,"column":72}},"2":{"start":{"line":14,"column":38},"end":{"line":14,"column":72}},"3":{"start":{"line":15,"column":2},"end":{"line":133,"column":4}},"4":{"start":{"line":33,"column":12},"end":{"line":53,"column":19}},"5":{"start":{"line":73,"column":36},"end":{"line":120,"column":9}},"6":{"start":{"line":76,"column":12},"end":{"line":80,"column":19}},"7":{"start":{"line":88,"column":12},"end":{"line":93,"column":31}},"8":{"start":{"line":88,"column":45},"end":{"line":88,"column":78}},"9":{"start":{"line":96,"column":12},"end":{"line":118,"column":19}},"10":{"start":{"line":103,"column":31},"end":{"line":103,"column":65}},"11":{"start":{"line":111,"column":31},"end":{"line":111,"column":72}},"12":{"start":{"line":129,"column":28},"end":{"line":129,"column":41}}},"fnMap":{"0":{"name":"MainNavigator","decl":{"start":{"line":12,"column":24},"end":{"line":12,"column":37}},"loc":{"start":{"line":12,"column":52},"end":{"line":134,"column":1}},"line":12},"1":{"name":"(anonymous_1)","decl":{"start":{"line":14,"column":32},"end":{"line":14,"column":33}},"loc":{"start":{"line":14,"column":38},"end":{"line":14,"column":72}},"line":14},"2":{"name":"(anonymous_2)","decl":{"start":{"line":32,"column":22},"end":{"line":32,"column":23}},"loc":{"start":{"line":33,"column":12},"end":{"line":53,"column":19}},"line":33},"3":{"name":"(anonymous_3)","decl":{"start":{"line":73,"column":17},"end":{"line":73,"column":18}},"loc":{"start":{"line":73,"column":36},"end":{"line":120,"column":9}},"line":73},"4":{"name":"(anonymous_4)","decl":{"start":{"line":75,"column":23},"end":{"line":75,"column":24}},"loc":{"start":{"line":76,"column":12},"end":{"line":80,"column":19}},"line":76},"5":{"name":"(anonymous_5)","decl":{"start":{"line":87,"column":22},"end":{"line":87,"column":23}},"loc":{"start":{"line":88,"column":12},"end":{"line":93,"column":31}},"line":88},"6":{"name":"(anonymous_6)","decl":{"start":{"line":88,"column":39},"end":{"line":88,"column":40}},"loc":{"start":{"line":88,"column":45},"end":{"line":88,"column":78}},"line":88},"7":{"name":"(anonymous_7)","decl":{"start":{"line":95,"column":23},"end":{"line":95,"column":24}},"loc":{"start":{"line":96,"column":12},"end":{"line":118,"column":19}},"line":96},"8":{"name":"(anonymous_8)","decl":{"start":{"line":103,"column":25},"end":{"line":103,"column":26}},"loc":{"start":{"line":103,"column":31},"end":{"line":103,"column":65}},"line":103},"9":{"name":"(anonymous_9)","decl":{"start":{"line":111,"column":25},"end":{"line":111,"column":26}},"loc":{"start":{"line":111,"column":31},"end":{"line":111,"column":72}},"line":111},"10":{"name":"(anonymous_10)","decl":{"start":{"line":129,"column":22},"end":{"line":129,"column":23}},"loc":{"start":{"line":129,"column":28},"end":{"line":129,"column":41}},"line":129}},"branchMap":{},"s":{"0":0,"1":0,"2":0,"3":0,"4":0,"5":0,"6":0,"7":0,"8":0,"9":0,"10":0,"11":0,"12":0},"f":{"0":0,"1":0,"2":0,"3":0,"4":0,"5":0,"6":0,"7":0,"8":0,"9":0,"10":0},"b":{},"_coverageSchema":"1a1c01bbd47fc00a2c39e90264f33305004495a9","hash":"f267f848321000d6d3e39b2ef8aaa83d3dd943a8"}
,"/Users/burak/Desktop/react-native-instagram-clone/src/containers/main/TabNavigator.js": {"path":"/Users/burak/Desktop/react-native-instagram-clone/src/containers/main/TabNavigator.js","statementMap":{"0":{"start":{"line":15,"column":14},"end":{"line":15,"column":40}},"1":{"start":{"line":16,"column":2},"end":{"line":53,"column":4}},"2":{"start":{"line":27,"column":37},"end":{"line":45,"column":9}},"3":{"start":{"line":31,"column":12},"end":{"line":41,"column":13}},"4":{"start":{"line":32,"column":14},"end":{"line":32,"column":70}},"5":{"start":{"line":33,"column":19},"end":{"line":41,"column":13}},"6":{"start":{"line":34,"column":14},"end":{"line":34,"column":74}},"7":{"start":{"line":35,"column":19},"end":{"line":41,"column":13}},"8":{"start":{"line":36,"column":14},"end":{"line":36,"column":68}},"9":{"start":{"line":37,"column":19},"end":{"line":41,"column":13}},"10":{"start":{"line":38,"column":14},"end":{"line":38,"column":78}},"11":{"start":{"line":39,"column":19},"end":{"line":41,"column":13}},"12":{"start":{"line":40,"column":14},"end":{"line":40,"column":76}},"13":{"start":{"line":43,"column":12},"end":{"line":43,"column":76}}},"fnMap":{"0":{"name":"TabNavigator","decl":{"start":{"line":14,"column":24},"end":{"line":14,"column":36}},"loc":{"start":{"line":14,"column":62},"end":{"line":54,"column":1}},"line":14},"1":{"name":"(anonymous_1)","decl":{"start":{"line":27,"column":23},"end":{"line":27,"column":24}},"loc":{"start":{"line":27,"column":37},"end":{"line":45,"column":9}},"line":27},"2":{"name":"(anonymous_2)","decl":{"start":{"line":28,"column":22},"end":{"line":28,"column":23}},"loc":{"start":{"line":28,"column":37},"end":{"line":44,"column":11}},"line":28}},"branchMap":{"0":{"loc":{"start":{"line":31,"column":12},"end":{"line":41,"column":13}},"type":"if","locations":[{"start":{"line":31,"column":12},"end":{"line":41,"column":13}},{"start":{"line":31,"column":12},"end":{"line":41,"column":13}}],"line":31},"1":{"loc":{"start":{"line":32,"column":25},"end":{"line":32,"column":69}},"type":"cond-expr","locations":[{"start":{"line":32,"column":35},"end":{"line":32,"column":55}},{"start":{"line":32,"column":58},"end":{"line":32,"column":69}}],"line":32},"2":{"loc":{"start":{"line":33,"column":19},"end":{"line":41,"column":13}},"type":"if","locations":[{"start":{"line":33,"column":19},"end":{"line":41,"column":13}},{"start":{"line":33,"column":19},"end":{"line":41,"column":13}}],"line":33},"3":{"loc":{"start":{"line":34,"column":25},"end":{"line":34,"column":73}},"type":"cond-expr","locations":[{"start":{"line":34,"column":35},"end":{"line":34,"column":57}},{"start":{"line":34,"column":60},"end":{"line":34,"column":73}}],"line":34},"4":{"loc":{"start":{"line":35,"column":19},"end":{"line":41,"column":13}},"type":"if","locations":[{"start":{"line":35,"column":19},"end":{"line":41,"column":13}},{"start":{"line":35,"column":19},"end":{"line":41,"column":13}}],"line":35},"5":{"loc":{"start":{"line":36,"column":25},"end":{"line":36,"column":67}},"type":"cond-expr","locations":[{"start":{"line":36,"column":35},"end":{"line":36,"column":54}},{"start":{"line":36,"column":57},"end":{"line":36,"column":67}}],"line":36},"6":{"loc":{"start":{"line":37,"column":19},"end":{"line":41,"column":13}},"type":"if","locations":[{"start":{"line":37,"column":19},"end":{"line":41,"column":13}},{"start":{"line":37,"column":19},"end":{"line":41,"column":13}}],"line":37},"7":{"loc":{"start":{"line":38,"column":25},"end":{"line":38,"column":77}},"type":"cond-expr","locations":[{"start":{"line":38,"column":35},"end":{"line":38,"column":59}},{"start":{"line":38,"column":62},"end":{"line":38,"column":77}}],"line":38},"8":{"loc":{"start":{"line":39,"column":19},"end":{"line":41,"column":13}},"type":"if","locations":[{"start":{"line":39,"column":19},"end":{"line":41,"column":13}},{"start":{"line":39,"column":19},"end":{"line":41,"column":13}}],"line":39},"9":{"loc":{"start":{"line":40,"column":25},"end":{"line":40,"column":75}},"type":"cond-expr","locations":[{"start":{"line":40,"column":35},"end":{"line":40,"column":58}},{"start":{"line":40,"column":61},"end":{"line":40,"column":75}}],"line":40}},"s":{"0":0,"1":0,"2":0,"3":0,"4":0,"5":0,"6":0,"7":0,"8":0,"9":0,"10":0,"11":0,"12":0,"13":0},"f":{"0":0,"1":0,"2":0},"b":{"0":[0,0],"1":[0,0],"2":[0,0],"3":[0,0],"4":[0,0],"5":[0,0],"6":[0,0],"7":[0,0],"8":[0,0],"9":[0,0]},"_coverageSchema":"1a1c01bbd47fc00a2c39e90264f33305004495a9","hash":"31bc5746012a89d169df53ef8e299b13ab3c0aa2"}
,"/Users/burak/Desktop/react-native-instagram-clone/src/containers/main/activity/activityNavigator.js": {"path":"/Users/burak/Desktop/react-native-instagram-clone/src/containers/main/activity/activityNavigator.js","statementMap":{"0":{"start":{"line":8,"column":16},"end":{"line":8,"column":38}},"1":{"start":{"line":10,"column":2},"end":{"line":29,"column":4}},"2":{"start":{"line":18,"column":12},"end":{"line":20,"column":19}}},"fnMap":{"0":{"name":"activityNavigator","decl":{"start":{"line":7,"column":24},"end":{"line":7,"column":41}},"loc":{"start":{"line":7,"column":44},"end":{"line":30,"column":1}},"line":7},"1":{"name":"(anonymous_1)","decl":{"start":{"line":17,"column":23},"end":{"line":17,"column":24}},"loc":{"start":{"line":18,"column":12},"end":{"line":20,"column":19}},"line":18}},"branchMap":{},"s":{"0":0,"1":0,"2":0},"f":{"0":0,"1":0},"b":{},"_coverageSchema":"1a1c01bbd47fc00a2c39e90264f33305004495a9","hash":"8fc43a1240f16d057d2667a354724733fb631f35"}
,"/Users/burak/Desktop/react-native-instagram-clone/src/containers/main/activity/activityScreen.js": {"path":"/Users/burak/Desktop/react-native-instagram-clone/src/containers/main/activity/activityScreen.js","statementMap":{"0":{"start":{"line":6,"column":2},"end":{"line":10,"column":4}}},"fnMap":{"0":{"name":"activityScreen","decl":{"start":{"line":5,"column":24},"end":{"line":5,"column":38}},"loc":{"start":{"line":5,"column":41},"end":{"line":11,"column":1}},"line":5}},"branchMap":{},"s":{"0":0},"f":{"0":0},"b":{},"_coverageSchema":"1a1c01bbd47fc00a2c39e90264f33305004495a9","hash":"4ca3fa130454e44bc55ffbe8cf88e4cbf8a88cec"}
,"/Users/burak/Desktop/react-native-instagram-clone/src/containers/main/addPost/addPostNavigator.js": {"path":"/Users/burak/Desktop/react-native-instagram-clone/src/containers/main/addPost/addPostNavigator.js","statementMap":{"0":{"start":{"line":8,"column":16},"end":{"line":8,"column":38}},"1":{"start":{"line":10,"column":2},"end":{"line":23,"column":4}}},"fnMap":{"0":{"name":"addPostNavigator","decl":{"start":{"line":7,"column":24},"end":{"line":7,"column":40}},"loc":{"start":{"line":7,"column":43},"end":{"line":24,"column":1}},"line":7}},"branchMap":{},"s":{"0":0,"1":0},"f":{"0":0},"b":{},"_coverageSchema":"1a1c01bbd47fc00a2c39e90264f33305004495a9","hash":"72a5137a6ca72a19c3e91e45164f34fbde33dd55"}
,"/Users/burak/Desktop/react-native-instagram-clone/src/containers/main/addPost/addPostScreen.js": {"path":"/Users/burak/Desktop/react-native-instagram-clone/src/containers/main/addPost/addPostScreen.js","statementMap":{"0":{"start":{"line":6,"column":2},"end":{"line":10,"column":4}}},"fnMap":{"0":{"name":"addPostScreen","decl":{"start":{"line":5,"column":24},"end":{"line":5,"column":37}},"loc":{"start":{"line":5,"column":40},"end":{"line":11,"column":1}},"line":5}},"branchMap":{},"s":{"0":0},"f":{"0":0},"b":{},"_coverageSchema":"1a1c01bbd47fc00a2c39e90264f33305004495a9","hash":"da2eabd60ea66811ae2045cd76e6741f8703837a"}
,"/Users/burak/Desktop/react-native-instagram-clone/src/containers/main/home/homeNavigator.js": {"path":"/Users/burak/Desktop/react-native-instagram-clone/src/containers/main/home/homeNavigator.js","statementMap":{"0":{"start":{"line":19,"column":16},"end":{"line":19,"column":38}},"1":{"start":{"line":20,"column":2},"end":{"line":20,"column":41}},"2":{"start":{"line":21,"column":2},"end":{"line":74,"column":4}},"3":{"start":{"line":26,"column":36},"end":{"line":65,"column":9}},"4":{"start":{"line":33,"column":12},"end":{"line":41,"column":19}},"5":{"start":{"line":35,"column":31},"end":{"line":35,"column":71}},"6":{"start":{"line":44,"column":12},"end":{"line":53,"column":19}},"7":{"start":{"line":47,"column":31},"end":{"line":47,"column":73}},"8":{"start":{"line":77,"column":15},"end":{"line":82,"column":2}}},"fnMap":{"0":{"name":"(anonymous_0)","decl":{"start":{"line":18,"column":15},"end":{"line":18,"column":16}},"loc":{"start":{"line":18,"column":27},"end":{"line":75,"column":1}},"line":18},"1":{"name":"(anonymous_1)","decl":{"start":{"line":26,"column":17},"end":{"line":26,"column":18}},"loc":{"start":{"line":26,"column":36},"end":{"line":65,"column":9}},"line":26},"2":{"name":"(anonymous_2)","decl":{"start":{"line":32,"column":22},"end":{"line":32,"column":23}},"loc":{"start":{"line":33,"column":12},"end":{"line":41,"column":19}},"line":33},"3":{"name":"(anonymous_3)","decl":{"start":{"line":35,"column":25},"end":{"line":35,"column":26}},"loc":{"start":{"line":35,"column":31},"end":{"line":35,"column":71}},"line":35},"4":{"name":"(anonymous_4)","decl":{"start":{"line":43,"column":23},"end":{"line":43,"column":24}},"loc":{"start":{"line":44,"column":12},"end":{"line":53,"column":19}},"line":44},"5":{"name":"(anonymous_5)","decl":{"start":{"line":47,"column":25},"end":{"line":47,"column":26}},"loc":{"start":{"line":47,"column":31},"end":{"line":47,"column":73}},"line":47}},"branchMap":{},"s":{"0":0,"1":0,"2":0,"3":0,"4":0,"5":0,"6":0,"7":0,"8":1},"f":{"0":0,"1":0,"2":0,"3":0,"4":0,"5":0},"b":{},"_coverageSchema":"1a1c01bbd47fc00a2c39e90264f33305004495a9","hash":"980a74a2e75a3116a2938bc4e96a2179bcac2a37"}
,"/Users/burak/Desktop/react-native-instagram-clone/src/containers/main/home/homeScreen.js": {"path":"/Users/burak/Desktop/react-native-instagram-clone/src/containers/main/home/homeScreen.js","statementMap":{"0":{"start":{"line":11,"column":15},"end":{"line":22,"column":3}},"1":{"start":{"line":24,"column":23},"end":{"line":24,"column":63}},"2":{"start":{"line":24,"column":29},"end":{"line":24,"column":63}},"3":{"start":{"line":26,"column":15},"end":{"line":35,"column":3}},"4":{"start":{"line":36,"column":18},"end":{"line":67,"column":3}},"5":{"start":{"line":69,"column":2},"end":{"line":87,"column":4}},"6":{"start":{"line":74,"column":8},"end":{"line":74,"column":72}},"7":{"start":{"line":84,"column":8},"end":{"line":84,"column":28}}},"fnMap":{"0":{"name":"homeScreen","decl":{"start":{"line":10,"column":24},"end":{"line":10,"column":34}},"loc":{"start":{"line":10,"column":49},"end":{"line":88,"column":1}},"line":10},"1":{"name":"(anonymous_1)","decl":{"start":{"line":24,"column":23},"end":{"line":24,"column":24}},"loc":{"start":{"line":24,"column":29},"end":{"line":24,"column":63}},"line":24},"2":{"name":"(anonymous_2)","decl":{"start":{"line":73,"column":27},"end":{"line":73,"column":28}},"loc":{"start":{"line":74,"column":8},"end":{"line":74,"column":72}},"line":74},"3":{"name":"(anonymous_3)","decl":{"start":{"line":76,"column":18},"end":{"line":76,"column":19}},"loc":{"start":{"line":84,"column":8},"end":{"line":84,"column":28}},"line":84}},"branchMap":{},"s":{"0":0,"1":0,"2":0,"3":0,"4":0,"5":0,"6":0,"7":0},"f":{"0":0,"1":0,"2":0,"3":0},"b":{},"_coverageSchema":"1a1c01bbd47fc00a2c39e90264f33305004495a9","hash":"781b7a21907f3e0123db6005296c26165f7bf4da"}
,"/Users/burak/Desktop/react-native-instagram-clone/src/containers/main/home/DirectMessage/DirectMessageScreen.js": {"path":"/Users/burak/Desktop/react-native-instagram-clone/src/containers/main/home/DirectMessage/DirectMessageScreen.js","statementMap":{"0":{"start":{"line":10,"column":13},"end":{"line":10,"column":25}},"1":{"start":{"line":13,"column":2},"end":{"line":44,"column":4}},"2":{"start":{"line":19,"column":10},"end":{"line":23,"column":13}}},"fnMap":{"0":{"name":"DirectMessageScreen","decl":{"start":{"line":12,"column":24},"end":{"line":12,"column":43}},"loc":{"start":{"line":12,"column":46},"end":{"line":45,"column":1}},"line":12},"1":{"name":"(anonymous_1)","decl":{"start":{"line":18,"column":20},"end":{"line":18,"column":21}},"loc":{"start":{"line":19,"column":10},"end":{"line":23,"column":13}},"line":19}},"branchMap":{},"s":{"0":1,"1":0,"2":0},"f":{"0":0,"1":0},"b":{},"_coverageSchema":"1a1c01bbd47fc00a2c39e90264f33305004495a9","hash":"cbd79f5f66986722956e28c83377c4f0fe05efad"}
,"/Users/burak/Desktop/react-native-instagram-clone/src/containers/main/home/DirectMessage/DirectMessageSearch.js": {"path":"/Users/burak/Desktop/react-native-instagram-clone/src/containers/main/home/DirectMessage/DirectMessageSearch.js","statementMap":{"0":{"start":{"line":6,"column":2},"end":{"line":24,"column":4}}},"fnMap":{"0":{"name":"DirectMessageSearch","decl":{"start":{"line":5,"column":24},"end":{"line":5,"column":43}},"loc":{"start":{"line":5,"column":46},"end":{"line":25,"column":1}},"line":5}},"branchMap":{},"s":{"0":0},"f":{"0":0},"b":{},"_coverageSchema":"1a1c01bbd47fc00a2c39e90264f33305004495a9","hash":"525d4efcff7ccc2dec4398f238e5debf3899640e"}
,"/Users/burak/Desktop/react-native-instagram-clone/src/containers/main/home/DirectMessage/MessageListItem.js": {"path":"/Users/burak/Desktop/react-native-instagram-clone/src/containers/main/home/DirectMessage/MessageListItem.js","statementMap":{"0":{"start":{"line":8,"column":2},"end":{"line":48,"column":4}}},"fnMap":{"0":{"name":"MessageListItem","decl":{"start":{"line":7,"column":24},"end":{"line":7,"column":39}},"loc":{"start":{"line":7,"column":48},"end":{"line":49,"column":1}},"line":7}},"branchMap":{},"s":{"0":0},"f":{"0":0},"b":{},"_coverageSchema":"1a1c01bbd47fc00a2c39e90264f33305004495a9","hash":"0e8eb85720f88d23d3684852ba0e131803c98ea6"}
,"/Users/burak/Desktop/react-native-instagram-clone/src/containers/main/home/DirectMessage/MessagesList.js": {"path":"/Users/burak/Desktop/react-native-instagram-clone/src/containers/main/home/DirectMessage/MessagesList.js","statementMap":{"0":{"start":{"line":8,"column":13},"end":{"line":32,"column":1}},"1":{"start":{"line":35,"column":2},"end":{"line":40,"column":4}},"2":{"start":{"line":38,"column":37},"end":{"line":38,"column":68}}},"fnMap":{"0":{"name":"MessagesList","decl":{"start":{"line":34,"column":24},"end":{"line":34,"column":36}},"loc":{"start":{"line":34,"column":39},"end":{"line":41,"column":1}},"line":34},"1":{"name":"(anonymous_1)","decl":{"start":{"line":38,"column":18},"end":{"line":38,"column":19}},"loc":{"start":{"line":38,"column":37},"end":{"line":38,"column":68}},"line":38}},"branchMap":{},"s":{"0":1,"1":0,"2":0},"f":{"0":0,"1":0},"b":{},"_coverageSchema":"1a1c01bbd47fc00a2c39e90264f33305004495a9","hash":"83d82ae841fb21b7b994726c28de2ce442c73a9e"}
,"/Users/burak/Desktop/react-native-instagram-clone/src/containers/main/home/DirectMessage/Title.js": {"path":"/Users/burak/Desktop/react-native-instagram-clone/src/containers/main/home/DirectMessage/Title.js","statementMap":{"0":{"start":{"line":6,"column":2},"end":{"line":12,"column":4}}},"fnMap":{"0":{"name":"Title","decl":{"start":{"line":5,"column":24},"end":{"line":5,"column":29}},"loc":{"start":{"line":5,"column":32},"end":{"line":13,"column":1}},"line":5}},"branchMap":{},"s":{"0":0},"f":{"0":0},"b":{},"_coverageSchema":"1a1c01bbd47fc00a2c39e90264f33305004495a9","hash":"babaae079783aa7e18776a8dcd06e58ccc744094"}
,"/Users/burak/Desktop/react-native-instagram-clone/src/containers/main/home/StoryCamera/StoryCamera.js": {"path":"/Users/burak/Desktop/react-native-instagram-clone/src/containers/main/home/StoryCamera/StoryCamera.js","statementMap":{"0":{"start":{"line":9,"column":22},"end":{"line":14,"column":3}},"1":{"start":{"line":10,"column":20},"end":{"line":10,"column":48}},"2":{"start":{"line":11,"column":17},"end":{"line":11,"column":55}},"3":{"start":{"line":13,"column":4},"end":{"line":13,"column":26}},"4":{"start":{"line":16,"column":2},"end":{"line":31,"column":4}},"5":{"start":{"line":22,"column":8},"end":{"line":28,"column":10}},"6":{"start":{"line":24,"column":45},"end":{"line":24,"column":64}},"7":{"start":{"line":34,"column":15},"end":{"line":58,"column":2}}},"fnMap":{"0":{"name":"StoryCamera","decl":{"start":{"line":6,"column":24},"end":{"line":6,"column":35}},"loc":{"start":{"line":6,"column":38},"end":{"line":32,"column":1}},"line":6},"1":{"name":"(anonymous_1)","decl":{"start":{"line":9,"column":22},"end":{"line":9,"column":23}},"loc":{"start":{"line":9,"column":46},"end":{"line":14,"column":3}},"line":9},"2":{"name":"(anonymous_2)","decl":{"start":{"line":21,"column":7},"end":{"line":21,"column":8}},"loc":{"start":{"line":21,"column":21},"end":{"line":29,"column":7}},"line":21},"3":{"name":"(anonymous_3)","decl":{"start":{"line":24,"column":39},"end":{"line":24,"column":40}},"loc":{"start":{"line":24,"column":45},"end":{"line":24,"column":64}},"line":24}},"branchMap":{},"s":{"0":0,"1":0,"2":0,"3":0,"4":0,"5":0,"6":0,"7":1},"f":{"0":0,"1":0,"2":0,"3":0},"b":{},"_coverageSchema":"1a1c01bbd47fc00a2c39e90264f33305004495a9","hash":"afbb10ef124e84f9252d7d67c034a19ca7b28fa0"}
,"/Users/burak/Desktop/react-native-instagram-clone/src/containers/main/home/post/Post.js": {"path":"/Users/burak/Desktop/react-native-instagram-clone/src/containers/main/home/post/Post.js","statementMap":{"0":{"start":{"line":11,"column":2},"end":{"line":21,"column":4}}},"fnMap":{"0":{"name":"Post","decl":{"start":{"line":10,"column":24},"end":{"line":10,"column":28}},"loc":{"start":{"line":10,"column":37},"end":{"line":22,"column":1}},"line":10}},"branchMap":{},"s":{"0":0},"f":{"0":0},"b":{},"_coverageSchema":"1a1c01bbd47fc00a2c39e90264f33305004495a9","hash":"d62e7a685750480135abd273048fd26df1485c68"}
,"/Users/burak/Desktop/react-native-instagram-clone/src/containers/main/home/post/PostActions.js": {"path":"/Users/burak/Desktop/react-native-instagram-clone/src/containers/main/home/post/PostActions.js","statementMap":{"0":{"start":{"line":6,"column":2},"end":{"line":10,"column":3}},"1":{"start":{"line":7,"column":4},"end":{"line":7,"column":27}},"2":{"start":{"line":9,"column":4},"end":{"line":9,"column":23}},"3":{"start":{"line":13,"column":2},"end":{"line":17,"column":3}},"4":{"start":{"line":14,"column":4},"end":{"line":14,"column":32}},"5":{"start":{"line":16,"column":4},"end":{"line":16,"column":27}},"6":{"start":{"line":21,"column":34},"end":{"line":21,"column":51}},"7":{"start":{"line":22,"column":42},"end":{"line":22,"column":59}},"8":{"start":{"line":23,"column":2},"end":{"line":43,"column":4}},"9":{"start":{"line":26,"column":41},"end":{"line":26,"column":66}},"10":{"start":{"line":29,"column":41},"end":{"line":29,"column":71}},"11":{"start":{"line":32,"column":41},"end":{"line":32,"column":78}},"12":{"start":{"line":36,"column":39},"end":{"line":36,"column":72}},"13":{"start":{"line":46,"column":15},"end":{"line":59,"column":2}}},"fnMap":{"0":{"name":"tapToLike","decl":{"start":{"line":5,"column":9},"end":{"line":5,"column":18}},"loc":{"start":{"line":5,"column":29},"end":{"line":11,"column":1}},"line":5},"1":{"name":"tapToBookmark","decl":{"start":{"line":12,"column":9},"end":{"line":12,"column":22}},"loc":{"start":{"line":12,"column":37},"end":{"line":18,"column":1}},"line":12},"2":{"name":"PostActions","decl":{"start":{"line":20,"column":24},"end":{"line":20,"column":35}},"loc":{"start":{"line":20,"column":38},"end":{"line":44,"column":1}},"line":20},"3":{"name":"(anonymous_3)","decl":{"start":{"line":26,"column":35},"end":{"line":26,"column":36}},"loc":{"start":{"line":26,"column":41},"end":{"line":26,"column":66}},"line":26},"4":{"name":"(anonymous_4)","decl":{"start":{"line":29,"column":35},"end":{"line":29,"column":36}},"loc":{"start":{"line":29,"column":41},"end":{"line":29,"column":71}},"line":29},"5":{"name":"(anonymous_5)","decl":{"start":{"line":32,"column":35},"end":{"line":32,"column":36}},"loc":{"start":{"line":32,"column":41},"end":{"line":32,"column":78}},"line":32},"6":{"name":"(anonymous_6)","decl":{"start":{"line":36,"column":33},"end":{"line":36,"column":34}},"loc":{"start":{"line":36,"column":39},"end":{"line":36,"column":72}},"line":36}},"branchMap":{"0":{"loc":{"start":{"line":6,"column":2},"end":{"line":10,"column":3}},"type":"if","locations":[{"start":{"line":6,"column":2},"end":{"line":10,"column":3}},{"start":{"line":6,"column":2},"end":{"line":10,"column":3}}],"line":6},"1":{"loc":{"start":{"line":13,"column":2},"end":{"line":17,"column":3}},"type":"if","locations":[{"start":{"line":13,"column":2},"end":{"line":17,"column":3}},{"start":{"line":13,"column":2},"end":{"line":17,"column":3}}],"line":13}},"s":{"0":0,"1":0,"2":0,"3":0,"4":0,"5":0,"6":0,"7":0,"8":0,"9":0,"10":0,"11":0,"12":0,"13":1},"f":{"0":0,"1":0,"2":0,"3":0,"4":0,"5":0,"6":0},"b":{"0":[0,0],"1":[0,0]},"_coverageSchema":"1a1c01bbd47fc00a2c39e90264f33305004495a9","hash":"84dcd11e4541a79aad163c63e6257168f01cf98d"}
,"/Users/burak/Desktop/react-native-instagram-clone/src/containers/main/home/post/PostComments.js": {"path":"/Users/burak/Desktop/react-native-instagram-clone/src/containers/main/home/post/PostComments.js","statementMap":{"0":{"start":{"line":6,"column":2},"end":{"line":14,"column":4}},"1":{"start":{"line":9,"column":21},"end":{"line":9,"column":57}}},"fnMap":{"0":{"name":"PostComments","decl":{"start":{"line":5,"column":24},"end":{"line":5,"column":36}},"loc":{"start":{"line":5,"column":45},"end":{"line":15,"column":1}},"line":5},"1":{"name":"(anonymous_1)","decl":{"start":{"line":9,"column":15},"end":{"line":9,"column":16}},"loc":{"start":{"line":9,"column":21},"end":{"line":9,"column":57}},"line":9}},"branchMap":{},"s":{"0":0,"1":0},"f":{"0":0,"1":0},"b":{},"_coverageSchema":"1a1c01bbd47fc00a2c39e90264f33305004495a9","hash":"6235f85a31c2bfbcc87aa55f333e251bcaeceee7"}
,"/Users/burak/Desktop/react-native-instagram-clone/src/containers/main/home/post/PostHeader.js": {"path":"/Users/burak/Desktop/react-native-instagram-clone/src/containers/main/home/post/PostHeader.js","statementMap":{"0":{"start":{"line":9,"column":2},"end":{"line":27,"column":4}},"1":{"start":{"line":30,"column":15},"end":{"line":65,"column":2}}},"fnMap":{"0":{"name":"PostHeader","decl":{"start":{"line":8,"column":24},"end":{"line":8,"column":34}},"loc":{"start":{"line":8,"column":43},"end":{"line":28,"column":1}},"line":8}},"branchMap":{},"s":{"0":0,"1":1},"f":{"0":0},"b":{},"_coverageSchema":"1a1c01bbd47fc00a2c39e90264f33305004495a9","hash":"e8b9bc8dbbd911ed1c5c5cb78ada91be1f2244b4"}
,"/Users/burak/Desktop/react-native-instagram-clone/src/containers/main/home/post/PostImage.js": {"path":"/Users/burak/Desktop/react-native-instagram-clone/src/containers/main/home/post/PostImage.js","statementMap":{"0":{"start":{"line":5,"column":2},"end":{"line":5,"column":70}},"1":{"start":{"line":8,"column":15},"end":{"line":14,"column":2}}},"fnMap":{"0":{"name":"PostImage","decl":{"start":{"line":4,"column":24},"end":{"line":4,"column":33}},"loc":{"start":{"line":4,"column":42},"end":{"line":6,"column":1}},"line":4}},"branchMap":{},"s":{"0":0,"1":1},"f":{"0":0},"b":{},"_coverageSchema":"1a1c01bbd47fc00a2c39e90264f33305004495a9","hash":"a438b38a44d554911f3304900661dee4d7efe884"}
,"/Users/burak/Desktop/react-native-instagram-clone/src/containers/main/home/post/PostLikes.js": {"path":"/Users/burak/Desktop/react-native-instagram-clone/src/containers/main/home/post/PostLikes.js","statementMap":{"0":{"start":{"line":6,"column":2},"end":{"line":14,"column":4}},"1":{"start":{"line":8,"column":21},"end":{"line":8,"column":54}}},"fnMap":{"0":{"name":"PostLikes","decl":{"start":{"line":5,"column":24},"end":{"line":5,"column":33}},"loc":{"start":{"line":5,"column":42},"end":{"line":15,"column":1}},"line":5},"1":{"name":"(anonymous_1)","decl":{"start":{"line":8,"column":15},"end":{"line":8,"column":16}},"loc":{"start":{"line":8,"column":21},"end":{"line":8,"column":54}},"line":8}},"branchMap":{},"s":{"0":0,"1":0},"f":{"0":0,"1":0},"b":{},"_coverageSchema":"1a1c01bbd47fc00a2c39e90264f33305004495a9","hash":"a75e64f2aaf0f34afb3785d4d09ce1f3eb230bdc"}
,"/Users/burak/Desktop/react-native-instagram-clone/src/containers/main/home/post/PostPublishDate.js": {"path":"/Users/burak/Desktop/react-native-instagram-clone/src/containers/main/home/post/PostPublishDate.js","statementMap":{"0":{"start":{"line":6,"column":2},"end":{"line":18,"column":4}},"1":{"start":{"line":7,"column":37},"end":{"line":7,"column":77}}},"fnMap":{"0":{"name":"PostPublishDate","decl":{"start":{"line":5,"column":24},"end":{"line":5,"column":39}},"loc":{"start":{"line":5,"column":48},"end":{"line":19,"column":1}},"line":5},"1":{"name":"(anonymous_1)","decl":{"start":{"line":7,"column":31},"end":{"line":7,"column":32}},"loc":{"start":{"line":7,"column":37},"end":{"line":7,"column":77}},"line":7}},"branchMap":{},"s":{"0":0,"1":0},"f":{"0":0,"1":0},"b":{},"_coverageSchema":"1a1c01bbd47fc00a2c39e90264f33305004495a9","hash":"c7d13ac092ac3ea3aacc8bbf19843d4e62cfe1dd"}
,"/Users/burak/Desktop/react-native-instagram-clone/src/containers/main/home/post/PostText.js": {"path":"/Users/burak/Desktop/react-native-instagram-clone/src/containers/main/home/post/PostText.js","statementMap":{"0":{"start":{"line":6,"column":2},"end":{"line":19,"column":4}}},"fnMap":{"0":{"name":"PostText","decl":{"start":{"line":5,"column":24},"end":{"line":5,"column":32}},"loc":{"start":{"line":5,"column":41},"end":{"line":20,"column":1}},"line":5}},"branchMap":{},"s":{"0":0},"f":{"0":0},"b":{},"_coverageSchema":"1a1c01bbd47fc00a2c39e90264f33305004495a9","hash":"403dfbde72272ed93393085e28168846cf3c31e9"}
,"/Users/burak/Desktop/react-native-instagram-clone/src/containers/main/home/story/StoryContainer.js": {"path":"/Users/burak/Desktop/react-native-instagram-clone/src/containers/main/home/story/StoryContainer.js","statementMap":{"0":{"start":{"line":8,"column":2},"end":{"line":22,"column":4}},"1":{"start":{"line":16,"column":10},"end":{"line":16,"column":67}},"2":{"start":{"line":18,"column":32},"end":{"line":18,"column":40}},"3":{"start":{"line":25,"column":15},"end":{"line":30,"column":2}}},"fnMap":{"0":{"name":"StoryContainer","decl":{"start":{"line":7,"column":24},"end":{"line":7,"column":38}},"loc":{"start":{"line":7,"column":64},"end":{"line":23,"column":1}},"line":7},"1":{"name":"(anonymous_1)","decl":{"start":{"line":15,"column":20},"end":{"line":15,"column":21}},"loc":{"start":{"line":16,"column":10},"end":{"line":16,"column":67}},"line":16},"2":{"name":"(anonymous_2)","decl":{"start":{"line":18,"column":22},"end":{"line":18,"column":23}},"loc":{"start":{"line":18,"column":32},"end":{"line":18,"column":40}},"line":18}},"branchMap":{},"s":{"0":0,"1":0,"2":0,"3":1},"f":{"0":0,"1":0,"2":0},"b":{},"_coverageSchema":"1a1c01bbd47fc00a2c39e90264f33305004495a9","hash":"070a6a581a398f14c8b41b9a108b792496783793"}
,"/Users/burak/Desktop/react-native-instagram-clone/src/containers/main/home/story/StoryListItem.js": {"path":"/Users/burak/Desktop/react-native-instagram-clone/src/containers/main/home/story/StoryListItem.js","statementMap":{"0":{"start":{"line":6,"column":2},"end":{"line":26,"column":4}},"1":{"start":{"line":29,"column":15},"end":{"line":43,"column":2}}},"fnMap":{"0":{"name":"StoryListItem","decl":{"start":{"line":5,"column":24},"end":{"line":5,"column":37}},"loc":{"start":{"line":5,"column":60},"end":{"line":27,"column":1}},"line":5}},"branchMap":{},"s":{"0":0,"1":1},"f":{"0":0},"b":{},"_coverageSchema":"1a1c01bbd47fc00a2c39e90264f33305004495a9","hash":"e2d1fe1b535513184400a0b41c5d7f3e1b0e04e1"}
,"/Users/burak/Desktop/react-native-instagram-clone/src/containers/main/home/story/StoryScreen.js": {"path":"/Users/burak/Desktop/react-native-instagram-clone/src/containers/main/home/story/StoryScreen.js","statementMap":{"0":{"start":{"line":5,"column":2},"end":{"line":15,"column":4}}},"fnMap":{"0":{"name":"StoryScreen","decl":{"start":{"line":4,"column":24},"end":{"line":4,"column":35}},"loc":{"start":{"line":4,"column":38},"end":{"line":16,"column":1}},"line":4}},"branchMap":{},"s":{"0":0},"f":{"0":0},"b":{},"_coverageSchema":"1a1c01bbd47fc00a2c39e90264f33305004495a9","hash":"9e1ed0e6339a6829bc99b3a37e278c3de3688abb"}
,"/Users/burak/Desktop/react-native-instagram-clone/src/containers/main/profile/ConstantStories.js": {"path":"/Users/burak/Desktop/react-native-instagram-clone/src/containers/main/profile/ConstantStories.js","statementMap":{"0":{"start":{"line":9,"column":2},"end":{"line":50,"column":4}}},"fnMap":{"0":{"name":"ConstantStories","decl":{"start":{"line":8,"column":24},"end":{"line":8,"column":39}},"loc":{"start":{"line":8,"column":42},"end":{"line":51,"column":1}},"line":8}},"branchMap":{},"s":{"0":0},"f":{"0":0},"b":{},"_coverageSchema":"1a1c01bbd47fc00a2c39e90264f33305004495a9","hash":"c6efbaa3e50fe43d630ad8020cc426e4ed9e20ed"}
,"/Users/burak/Desktop/react-native-instagram-clone/src/containers/main/profile/EditProfileButton.js": {"path":"/Users/burak/Desktop/react-native-instagram-clone/src/containers/main/profile/EditProfileButton.js","statementMap":{"0":{"start":{"line":7,"column":2},"end":{"line":28,"column":4}}},"fnMap":{"0":{"name":"EditProfileButton","decl":{"start":{"line":6,"column":24},"end":{"line":6,"column":41}},"loc":{"start":{"line":6,"column":44},"end":{"line":29,"column":1}},"line":6}},"branchMap":{},"s":{"0":0},"f":{"0":0},"b":{},"_coverageSchema":"1a1c01bbd47fc00a2c39e90264f33305004495a9","hash":"3bb3258b5a927f6716f6795136e6f094c61107ea"}
,"/Users/burak/Desktop/react-native-instagram-clone/src/containers/main/profile/LineSeperator.js": {"path":"/Users/burak/Desktop/react-native-instagram-clone/src/containers/main/profile/LineSeperator.js","statementMap":{"0":{"start":{"line":5,"column":2},"end":{"line":13,"column":4}}},"fnMap":{"0":{"name":"LineSeperator","decl":{"start":{"line":4,"column":24},"end":{"line":4,"column":37}},"loc":{"start":{"line":4,"column":40},"end":{"line":14,"column":1}},"line":4}},"branchMap":{},"s":{"0":0},"f":{"0":0},"b":{},"_coverageSchema":"1a1c01bbd47fc00a2c39e90264f33305004495a9","hash":"3028755504968e5b0d01646b232ca299e593ffcf"}
,"/Users/burak/Desktop/react-native-instagram-clone/src/containers/main/profile/ProfileGrid.js": {"path":"/Users/burak/Desktop/react-native-instagram-clone/src/containers/main/profile/ProfileGrid.js","statementMap":{"0":{"start":{"line":5,"column":13},"end":{"line":20,"column":1}},"1":{"start":{"line":23,"column":2},"end":{"line":39,"column":4}},"2":{"start":{"line":26,"column":23},"end":{"line":26,"column":64}},"3":{"start":{"line":43,"column":2},"end":{"line":52,"column":4}},"4":{"start":{"line":47,"column":37},"end":{"line":47,"column":45}}},"fnMap":{"0":{"name":"Test","decl":{"start":{"line":22,"column":9},"end":{"line":22,"column":13}},"loc":{"start":{"line":22,"column":16},"end":{"line":40,"column":1}},"line":22},"1":{"name":"(anonymous_1)","decl":{"start":{"line":26,"column":17},"end":{"line":26,"column":18}},"loc":{"start":{"line":26,"column":23},"end":{"line":26,"column":64}},"line":26},"2":{"name":"ProfileGrid","decl":{"start":{"line":42,"column":24},"end":{"line":42,"column":35}},"loc":{"start":{"line":42,"column":38},"end":{"line":53,"column":1}},"line":42},"3":{"name":"(anonymous_3)","decl":{"start":{"line":47,"column":18},"end":{"line":47,"column":19}},"loc":{"start":{"line":47,"column":37},"end":{"line":47,"column":45}},"line":47}},"branchMap":{},"s":{"0":1,"1":0,"2":0,"3":0,"4":0},"f":{"0":0,"1":0,"2":0,"3":0},"b":{},"_coverageSchema":"1a1c01bbd47fc00a2c39e90264f33305004495a9","hash":"b32763423691bef4c303ae71b7346e42d671d44f"}
,"/Users/burak/Desktop/react-native-instagram-clone/src/containers/main/profile/ProfileHeader.js": {"path":"/Users/burak/Desktop/react-native-instagram-clone/src/containers/main/profile/ProfileHeader.js","statementMap":{"0":{"start":{"line":6,"column":2},"end":{"line":36,"column":4}},"1":{"start":{"line":39,"column":15},"end":{"line":73,"column":2}}},"fnMap":{"0":{"name":"ProfileHeader","decl":{"start":{"line":5,"column":24},"end":{"line":5,"column":37}},"loc":{"start":{"line":5,"column":40},"end":{"line":37,"column":1}},"line":5}},"branchMap":{},"s":{"0":0,"1":1},"f":{"0":0},"b":{},"_coverageSchema":"1a1c01bbd47fc00a2c39e90264f33305004495a9","hash":"6f13f9b7880a6bf1db9c3c02bef48d6f07e501c5"}
,"/Users/burak/Desktop/react-native-instagram-clone/src/containers/main/profile/UserBio.js": {"path":"/Users/burak/Desktop/react-native-instagram-clone/src/containers/main/profile/UserBio.js","statementMap":{"0":{"start":{"line":5,"column":2},"end":{"line":25,"column":4}}},"fnMap":{"0":{"name":"UserBio","decl":{"start":{"line":4,"column":24},"end":{"line":4,"column":31}},"loc":{"start":{"line":4,"column":34},"end":{"line":26,"column":1}},"line":4}},"branchMap":{},"s":{"0":0},"f":{"0":0},"b":{},"_coverageSchema":"1a1c01bbd47fc00a2c39e90264f33305004495a9","hash":"fd947f88351d6655b3b2806f84e6d66ca84bdbe9"}
,"/Users/burak/Desktop/react-native-instagram-clone/src/containers/main/profile/gridIcon.js": {"path":"/Users/burak/Desktop/react-native-instagram-clone/src/containers/main/profile/gridIcon.js","statementMap":{"0":{"start":{"line":7,"column":2},"end":{"line":18,"column":4}}},"fnMap":{"0":{"name":"GridIcon","decl":{"start":{"line":6,"column":24},"end":{"line":6,"column":32}},"loc":{"start":{"line":6,"column":35},"end":{"line":19,"column":1}},"line":6}},"branchMap":{},"s":{"0":0},"f":{"0":0},"b":{},"_coverageSchema":"1a1c01bbd47fc00a2c39e90264f33305004495a9","hash":"4c085af558e6cb841d262ebe061c3673e50b4069"}
,"/Users/burak/Desktop/react-native-instagram-clone/src/containers/main/profile/profileNavigator.js": {"path":"/Users/burak/Desktop/react-native-instagram-clone/src/containers/main/profile/profileNavigator.js","statementMap":{"0":{"start":{"line":10,"column":16},"end":{"line":10,"column":38}},"1":{"start":{"line":12,"column":2},"end":{"line":66,"column":4}},"2":{"start":{"line":32,"column":12},"end":{"line":45,"column":31}},"3":{"start":{"line":48,"column":12},"end":{"line":61,"column":31}}},"fnMap":{"0":{"name":"profileNavigator","decl":{"start":{"line":9,"column":24},"end":{"line":9,"column":40}},"loc":{"start":{"line":9,"column":43},"end":{"line":67,"column":1}},"line":9},"1":{"name":"(anonymous_1)","decl":{"start":{"line":31,"column":23},"end":{"line":31,"column":24}},"loc":{"start":{"line":32,"column":12},"end":{"line":45,"column":31}},"line":32},"2":{"name":"(anonymous_2)","decl":{"start":{"line":47,"column":22},"end":{"line":47,"column":23}},"loc":{"start":{"line":48,"column":12},"end":{"line":61,"column":31}},"line":48}},"branchMap":{},"s":{"0":0,"1":0,"2":0,"3":0},"f":{"0":0,"1":0,"2":0},"b":{},"_coverageSchema":"1a1c01bbd47fc00a2c39e90264f33305004495a9","hash":"fe01d4e356af88868e300bc99ba773c637a4be7d"}
,"/Users/burak/Desktop/react-native-instagram-clone/src/containers/main/profile/profileScreen.js": {"path":"/Users/burak/Desktop/react-native-instagram-clone/src/containers/main/profile/profileScreen.js","statementMap":{"0":{"start":{"line":14,"column":13},"end":{"line":14,"column":25}},"1":{"start":{"line":17,"column":2},"end":{"line":39,"column":4}},"2":{"start":{"line":28,"column":8},"end":{"line":36,"column":11}}},"fnMap":{"0":{"name":"profileScreen","decl":{"start":{"line":16,"column":24},"end":{"line":16,"column":37}},"loc":{"start":{"line":16,"column":40},"end":{"line":40,"column":1}},"line":16},"1":{"name":"(anonymous_1)","decl":{"start":{"line":27,"column":18},"end":{"line":27,"column":19}},"loc":{"start":{"line":28,"column":8},"end":{"line":36,"column":11}},"line":28}},"branchMap":{},"s":{"0":1,"1":0,"2":0},"f":{"0":0,"1":0},"b":{},"_coverageSchema":"1a1c01bbd47fc00a2c39e90264f33305004495a9","hash":"9f19ddc47931708010acb8ca6594a5660d30802d"}
,"/Users/burak/Desktop/react-native-instagram-clone/src/containers/main/search/SearchGrid.js": {"path":"/Users/burak/Desktop/react-native-instagram-clone/src/containers/main/search/SearchGrid.js","statementMap":{"0":{"start":{"line":5,"column":13},"end":{"line":19,"column":1}},"1":{"start":{"line":22,"column":2},"end":{"line":129,"column":4}},"2":{"start":{"line":133,"column":2},"end":{"line":142,"column":4}},"3":{"start":{"line":137,"column":37},"end":{"line":137,"column":45}}},"fnMap":{"0":{"name":"Test","decl":{"start":{"line":21,"column":9},"end":{"line":21,"column":13}},"loc":{"start":{"line":21,"column":16},"end":{"line":130,"column":1}},"line":21},"1":{"name":"SearchGrid","decl":{"start":{"line":132,"column":24},"end":{"line":132,"column":34}},"loc":{"start":{"line":132,"column":37},"end":{"line":143,"column":1}},"line":132},"2":{"name":"(anonymous_2)","decl":{"start":{"line":137,"column":18},"end":{"line":137,"column":19}},"loc":{"start":{"line":137,"column":37},"end":{"line":137,"column":45}},"line":137}},"branchMap":{},"s":{"0":1,"1":0,"2":0,"3":0},"f":{"0":0,"1":0,"2":0},"b":{},"_coverageSchema":"1a1c01bbd47fc00a2c39e90264f33305004495a9","hash":"3d3cbc063f0304f9e4cd5c7ba90470b3db53aeea"}
,"/Users/burak/Desktop/react-native-instagram-clone/src/containers/main/search/SearchTopTags.js": {"path":"/Users/burak/Desktop/react-native-instagram-clone/src/containers/main/search/SearchTopTags.js","statementMap":{"0":{"start":{"line":6,"column":13},"end":{"line":19,"column":1}},"1":{"start":{"line":22,"column":2},"end":{"line":45,"column":4}},"2":{"start":{"line":23,"column":37},"end":{"line":23,"column":70}},"3":{"start":{"line":49,"column":2},"end":{"line":57,"column":4}},"4":{"start":{"line":55,"column":37},"end":{"line":55,"column":68}}},"fnMap":{"0":{"name":"TagContainer","decl":{"start":{"line":21,"column":9},"end":{"line":21,"column":21}},"loc":{"start":{"line":21,"column":29},"end":{"line":46,"column":1}},"line":21},"1":{"name":"(anonymous_1)","decl":{"start":{"line":23,"column":31},"end":{"line":23,"column":32}},"loc":{"start":{"line":23,"column":37},"end":{"line":23,"column":70}},"line":23},"2":{"name":"SearchTopTags","decl":{"start":{"line":48,"column":24},"end":{"line":48,"column":37}},"loc":{"start":{"line":48,"column":40},"end":{"line":58,"column":1}},"line":48},"3":{"name":"(anonymous_3)","decl":{"start":{"line":55,"column":18},"end":{"line":55,"column":19}},"loc":{"start":{"line":55,"column":37},"end":{"line":55,"column":68}},"line":55}},"branchMap":{},"s":{"0":1,"1":0,"2":0,"3":0,"4":0},"f":{"0":0,"1":0,"2":0,"3":0},"b":{},"_coverageSchema":"1a1c01bbd47fc00a2c39e90264f33305004495a9","hash":"47d6df8835efbe8a29e84eff254097ea77b792a3"}
,"/Users/burak/Desktop/react-native-instagram-clone/src/containers/main/search/searchNavigator.js": {"path":"/Users/burak/Desktop/react-native-instagram-clone/src/containers/main/search/searchNavigator.js","statementMap":{"0":{"start":{"line":10,"column":16},"end":{"line":10,"column":38}},"1":{"start":{"line":12,"column":2},"end":{"line":45,"column":4}},"2":{"start":{"line":23,"column":29},"end":{"line":23,"column":42}},"3":{"start":{"line":25,"column":12},"end":{"line":40,"column":19}}},"fnMap":{"0":{"name":"searchNavigator","decl":{"start":{"line":9,"column":24},"end":{"line":9,"column":39}},"loc":{"start":{"line":9,"column":42},"end":{"line":46,"column":1}},"line":9},"1":{"name":"(anonymous_1)","decl":{"start":{"line":23,"column":23},"end":{"line":23,"column":24}},"loc":{"start":{"line":23,"column":29},"end":{"line":23,"column":42}},"line":23},"2":{"name":"(anonymous_2)","decl":{"start":{"line":24,"column":22},"end":{"line":24,"column":23}},"loc":{"start":{"line":25,"column":12},"end":{"line":40,"column":19}},"line":25}},"branchMap":{},"s":{"0":0,"1":0,"2":0,"3":0},"f":{"0":0,"1":0,"2":0},"b":{},"_coverageSchema":"1a1c01bbd47fc00a2c39e90264f33305004495a9","hash":"7bc348114e2893570b3d6a6c381c82543a6bf83c"}
,"/Users/burak/Desktop/react-native-instagram-clone/src/containers/main/search/searchScreen.js": {"path":"/Users/burak/Desktop/react-native-instagram-clone/src/containers/main/search/searchScreen.js","statementMap":{"0":{"start":{"line":9,"column":2},"end":{"line":14,"column":4}}},"fnMap":{"0":{"name":"searchScreen","decl":{"start":{"line":8,"column":24},"end":{"line":8,"column":36}},"loc":{"start":{"line":8,"column":39},"end":{"line":15,"column":1}},"line":8}},"branchMap":{},"s":{"0":0},"f":{"0":0},"b":{},"_coverageSchema":"1a1c01bbd47fc00a2c39e90264f33305004495a9","hash":"a5cf2cfd8cf2f958b07dc21831813f346e398dce"}
,"/Users/burak/Desktop/react-native-instagram-clone/src/res/colors.js": {"path":"/Users/burak/Desktop/react-native-instagram-clone/src/res/colors.js","statementMap":{"0":{"start":{"line":1,"column":15},"end":{"line":9,"column":1}}},"fnMap":{},"branchMap":{},"s":{"0":1},"f":{},"b":{},"_coverageSchema":"1a1c01bbd47fc00a2c39e90264f33305004495a9","hash":"4ea7c0616718f761961c9f6ae4e4e5f58e408874"}
,"/Users/burak/Desktop/react-native-instagram-clone/src/res/images.js": {"path":"/Users/burak/Desktop/react-native-instagram-clone/src/res/images.js","statementMap":{"0":{"start":{"line":1,"column":15},"end":{"line":38,"column":1}}},"fnMap":{},"branchMap":{},"s":{"0":1},"f":{},"b":{},"_coverageSchema":"1a1c01bbd47fc00a2c39e90264f33305004495a9","hash":"378770083d2bad9bb09eacb7f8c2a645bae6b847"}
,"/Users/burak/Desktop/react-native-instagram-clone/src/res/palette.js": {"path":"/Users/burak/Desktop/react-native-instagram-clone/src/res/palette.js","statementMap":{"0":{"start":{"line":2,"column":16},"end":{"line":54,"column":1}}},"fnMap":{},"branchMap":{},"s":{"0":1},"f":{},"b":{},"_coverageSchema":"1a1c01bbd47fc00a2c39e90264f33305004495a9","hash":"05edec0a2b1dd38aec4592399115cb3474208a31"}
,"/Users/burak/Desktop/react-native-instagram-clone/src/res/images/activity.png": {"path":"/Users/burak/Desktop/react-native-instagram-clone/src/res/images/activity.png","statementMap":{"0":{"start":{"line":1,"column":0},"end":{"line":4,"column":6}}},"fnMap":{},"branchMap":{},"s":{"0":1},"f":{},"b":{},"inputSourceMap":null,"_coverageSchema":"1a1c01bbd47fc00a2c39e90264f33305004495a9","hash":"a3bfae1b5b8f641d69f290fadc35c588aec6ce2c"}
,"/Users/burak/Desktop/react-native-instagram-clone/src/res/images/activity_selected.png": {"path":"/Users/burak/Desktop/react-native-instagram-clone/src/res/images/activity_selected.png","statementMap":{"0":{"start":{"line":1,"column":0},"end":{"line":4,"column":6}}},"fnMap":{},"branchMap":{},"s":{"0":1},"f":{},"b":{},"inputSourceMap":null,"_coverageSchema":"1a1c01bbd47fc00a2c39e90264f33305004495a9","hash":"8c590723b410c76d43962ae03f65b6b878a04597"}
,"/Users/burak/Desktop/react-native-instagram-clone/src/res/images/add.png": {"path":"/Users/burak/Desktop/react-native-instagram-clone/src/res/images/add.png","statementMap":{"0":{"start":{"line":1,"column":0},"end":{"line":4,"column":6}}},"fnMap":{},"branchMap":{},"s":{"0":1},"f":{},"b":{},"inputSourceMap":null,"_coverageSchema":"1a1c01bbd47fc00a2c39e90264f33305004495a9","hash":"effe37aad3765110ac924cbcd76bc7a9a4a6443b"}
,"/Users/burak/Desktop/react-native-instagram-clone/src/res/images/addIcon.png": {"path":"/Users/burak/Desktop/react-native-instagram-clone/src/res/images/addIcon.png","statementMap":{"0":{"start":{"line":1,"column":0},"end":{"line":4,"column":6}}},"fnMap":{},"branchMap":{},"s":{"0":1},"f":{},"b":{},"inputSourceMap":null,"_coverageSchema":"1a1c01bbd47fc00a2c39e90264f33305004495a9","hash":"3a4b3bd4a81f255bb641f84d0bc20df71def9b98"}
,"/Users/burak/Desktop/react-native-instagram-clone/src/res/images/add_selected.png": {"path":"/Users/burak/Desktop/react-native-instagram-clone/src/res/images/add_selected.png","statementMap":{"0":{"start":{"line":1,"column":0},"end":{"line":4,"column":6}}},"fnMap":{},"branchMap":{},"s":{"0":1},"f":{},"b":{},"inputSourceMap":null,"_coverageSchema":"1a1c01bbd47fc00a2c39e90264f33305004495a9","hash":"28b35f80a579ef24a613e6253601138340be81fe"}
,"/Users/burak/Desktop/react-native-instagram-clone/src/res/images/backButton.png": {"path":"/Users/burak/Desktop/react-native-instagram-clone/src/res/images/backButton.png","statementMap":{"0":{"start":{"line":1,"column":0},"end":{"line":4,"column":6}}},"fnMap":{},"branchMap":{},"s":{"0":1},"f":{},"b":{},"inputSourceMap":null,"_coverageSchema":"1a1c01bbd47fc00a2c39e90264f33305004495a9","hash":"8b4ea1988775130b90e68fea3c3511fc228a05d0"}
,"/Users/burak/Desktop/react-native-instagram-clone/src/res/images/bookmark.png": {"path":"/Users/burak/Desktop/react-native-instagram-clone/src/res/images/bookmark.png","statementMap":{"0":{"start":{"line":1,"column":0},"end":{"line":4,"column":6}}},"fnMap":{},"branchMap":{},"s":{"0":1},"f":{},"b":{},"inputSourceMap":null,"_coverageSchema":"1a1c01bbd47fc00a2c39e90264f33305004495a9","hash":"e510bcd189a8b7ac34ccf87c9bde62916f92f50a"}
,"/Users/burak/Desktop/react-native-instagram-clone/src/res/images/bookmarkWhite.png": {"path":"/Users/burak/Desktop/react-native-instagram-clone/src/res/images/bookmarkWhite.png","statementMap":{"0":{"start":{"line":1,"column":0},"end":{"line":4,"column":6}}},"fnMap":{},"branchMap":{},"s":{"0":1},"f":{},"b":{},"inputSourceMap":null,"_coverageSchema":"1a1c01bbd47fc00a2c39e90264f33305004495a9","hash":"15a3e0057304e073a05fd78989aa921f2de5431b"}
,"/Users/burak/Desktop/react-native-instagram-clone/src/res/images/close.png": {"path":"/Users/burak/Desktop/react-native-instagram-clone/src/res/images/close.png","statementMap":{"0":{"start":{"line":1,"column":0},"end":{"line":4,"column":6}}},"fnMap":{},"branchMap":{},"s":{"0":1},"f":{},"b":{},"inputSourceMap":null,"_coverageSchema":"1a1c01bbd47fc00a2c39e90264f33305004495a9","hash":"3ef9c027e3e41159c15c8b361e7db5b0e37d83de"}
,"/Users/burak/Desktop/react-native-instagram-clone/src/res/images/comment.png": {"path":"/Users/burak/Desktop/react-native-instagram-clone/src/res/images/comment.png","statementMap":{"0":{"start":{"line":1,"column":0},"end":{"line":4,"column":6}}},"fnMap":{},"branchMap":{},"s":{"0":1},"f":{},"b":{},"inputSourceMap":null,"_coverageSchema":"1a1c01bbd47fc00a2c39e90264f33305004495a9","hash":"0d961c49506d4f5d1a390c52ae622fe9bc4e58dd"}
,"/Users/burak/Desktop/react-native-instagram-clone/src/res/images/direct_message.png": {"path":"/Users/burak/Desktop/react-native-instagram-clone/src/res/images/direct_message.png","statementMap":{"0":{"start":{"line":1,"column":0},"end":{"line":4,"column":6}}},"fnMap":{},"branchMap":{},"s":{"0":1},"f":{},"b":{},"inputSourceMap":null,"_coverageSchema":"1a1c01bbd47fc00a2c39e90264f33305004495a9","hash":"e32c41e7bcdec6985b9448b4c8b4cf0ca822e3e7"}
,"/Users/burak/Desktop/react-native-instagram-clone/src/res/images/dmBackButton.png": {"path":"/Users/burak/Desktop/react-native-instagram-clone/src/res/images/dmBackButton.png","statementMap":{"0":{"start":{"line":1,"column":0},"end":{"line":4,"column":6}}},"fnMap":{},"branchMap":{},"s":{"0":1},"f":{},"b":{},"inputSourceMap":null,"_coverageSchema":"1a1c01bbd47fc00a2c39e90264f33305004495a9","hash":"b631353178512e22784aaeb260e9535b620cca48"}
,"/Users/burak/Desktop/react-native-instagram-clone/src/res/images/dmBottomCamera.png": {"path":"/Users/burak/Desktop/react-native-instagram-clone/src/res/images/dmBottomCamera.png","statementMap":{"0":{"start":{"line":1,"column":0},"end":{"line":4,"column":6}}},"fnMap":{},"branchMap":{},"s":{"0":1},"f":{},"b":{},"inputSourceMap":null,"_coverageSchema":"1a1c01bbd47fc00a2c39e90264f33305004495a9","hash":"c7180320955d5cf3b4ee4de9a535005a44947dee"}
,"/Users/burak/Desktop/react-native-instagram-clone/src/res/images/dot.png": {"path":"/Users/burak/Desktop/react-native-instagram-clone/src/res/images/dot.png","statementMap":{"0":{"start":{"line":1,"column":0},"end":{"line":4,"column":6}}},"fnMap":{},"branchMap":{},"s":{"0":1},"f":{},"b":{},"inputSourceMap":null,"_coverageSchema":"1a1c01bbd47fc00a2c39e90264f33305004495a9","hash":"c6daf0386fb0f56ca3307062b0f23bf6615edcf3"}
,"/Users/burak/Desktop/react-native-instagram-clone/src/res/images/facebookLogo.png": {"path":"/Users/burak/Desktop/react-native-instagram-clone/src/res/images/facebookLogo.png","statementMap":{"0":{"start":{"line":1,"column":0},"end":{"line":4,"column":6}}},"fnMap":{},"branchMap":{},"s":{"0":1},"f":{},"b":{},"inputSourceMap":null,"_coverageSchema":"1a1c01bbd47fc00a2c39e90264f33305004495a9","hash":"f7d31e6e248b7f265026c0c4f7f93045e4bff3ab"}
,"/Users/burak/Desktop/react-native-instagram-clone/src/res/images/flash.png": {"path":"/Users/burak/Desktop/react-native-instagram-clone/src/res/images/flash.png","statementMap":{"0":{"start":{"line":1,"column":0},"end":{"line":4,"column":6}}},"fnMap":{},"branchMap":{},"s":{"0":1},"f":{},"b":{},"inputSourceMap":null,"_coverageSchema":"1a1c01bbd47fc00a2c39e90264f33305004495a9","hash":"e06a6449ae5a60d47c61348a08cf9e49dc110e5c"}
,"/Users/burak/Desktop/react-native-instagram-clone/src/res/images/gridIcon.png": {"path":"/Users/burak/Desktop/react-native-instagram-clone/src/res/images/gridIcon.png","statementMap":{"0":{"start":{"line":1,"column":0},"end":{"line":4,"column":6}}},"fnMap":{},"branchMap":{},"s":{"0":1},"f":{},"b":{},"inputSourceMap":null,"_coverageSchema":"1a1c01bbd47fc00a2c39e90264f33305004495a9","hash":"e6494261476a63898df9129312993b23d4f7141c"}
,"/Users/burak/Desktop/react-native-instagram-clone/src/res/images/home.png": {"path":"/Users/burak/Desktop/react-native-instagram-clone/src/res/images/home.png","statementMap":{"0":{"start":{"line":1,"column":0},"end":{"line":4,"column":6}}},"fnMap":{},"branchMap":{},"s":{"0":1},"f":{},"b":{},"inputSourceMap":null,"_coverageSchema":"1a1c01bbd47fc00a2c39e90264f33305004495a9","hash":"1601a20adccadc30cdb10c450c4d00926b25fac4"}
,"/Users/burak/Desktop/react-native-instagram-clone/src/res/images/home_selected.png": {"path":"/Users/burak/Desktop/react-native-instagram-clone/src/res/images/home_selected.png","statementMap":{"0":{"start":{"line":1,"column":0},"end":{"line":4,"column":6}}},"fnMap":{},"branchMap":{},"s":{"0":1},"f":{},"b":{},"inputSourceMap":null,"_coverageSchema":"1a1c01bbd47fc00a2c39e90264f33305004495a9","hash":"0d0fc0b50e4ca623fd29746fe8e25663436327cd"}
,"/Users/burak/Desktop/react-native-instagram-clone/src/res/images/like.png": {"path":"/Users/burak/Desktop/react-native-instagram-clone/src/res/images/like.png","statementMap":{"0":{"start":{"line":1,"column":0},"end":{"line":4,"column":6}}},"fnMap":{},"branchMap":{},"s":{"0":1},"f":{},"b":{},"inputSourceMap":null,"_coverageSchema":"1a1c01bbd47fc00a2c39e90264f33305004495a9","hash":"5e8baf0241458dbe7c8e42f0ee13edb8e6c6097e"}
,"/Users/burak/Desktop/react-native-instagram-clone/src/res/images/list3.png": {"path":"/Users/burak/Desktop/react-native-instagram-clone/src/res/images/list3.png","statementMap":{"0":{"start":{"line":1,"column":0},"end":{"line":4,"column":6}}},"fnMap":{},"branchMap":{},"s":{"0":1},"f":{},"b":{},"inputSourceMap":null,"_coverageSchema":"1a1c01bbd47fc00a2c39e90264f33305004495a9","hash":"e99cc05670ce144546a8754aced9c36712e9f565"}
,"/Users/burak/Desktop/react-native-instagram-clone/src/res/images/logo.png": {"path":"/Users/burak/Desktop/react-native-instagram-clone/src/res/images/logo.png","statementMap":{"0":{"start":{"line":1,"column":0},"end":{"line":4,"column":6}}},"fnMap":{},"branchMap":{},"s":{"0":1},"f":{},"b":{},"inputSourceMap":null,"_coverageSchema":"1a1c01bbd47fc00a2c39e90264f33305004495a9","hash":"8b6df0ac724a24c4c85d3d00dd4b0ca546c25021"}
,"/Users/burak/Desktop/react-native-instagram-clone/src/res/images/logoBlack.png": {"path":"/Users/burak/Desktop/react-native-instagram-clone/src/res/images/logoBlack.png","statementMap":{"0":{"start":{"line":1,"column":0},"end":{"line":4,"column":6}}},"fnMap":{},"branchMap":{},"s":{"0":1},"f":{},"b":{},"inputSourceMap":null,"_coverageSchema":"1a1c01bbd47fc00a2c39e90264f33305004495a9","hash":"0c35c187ecc5eb459576815b65661c776fecff63"}
,"/Users/burak/Desktop/react-native-instagram-clone/src/res/images/more.png": {"path":"/Users/burak/Desktop/react-native-instagram-clone/src/res/images/more.png","statementMap":{"0":{"start":{"line":1,"column":0},"end":{"line":4,"column":6}}},"fnMap":{},"branchMap":{},"s":{"0":1},"f":{},"b":{},"inputSourceMap":null,"_coverageSchema":"1a1c01bbd47fc00a2c39e90264f33305004495a9","hash":"1677cb82478307d52c1e05135aeca08ab0f24d48"}
,"/Users/burak/Desktop/react-native-instagram-clone/src/res/images/photo_camera.png": {"path":"/Users/burak/Desktop/react-native-instagram-clone/src/res/images/photo_camera.png","statementMap":{"0":{"start":{"line":1,"column":0},"end":{"line":4,"column":6}}},"fnMap":{},"branchMap":{},"s":{"0":1},"f":{},"b":{},"inputSourceMap":null,"_coverageSchema":"1a1c01bbd47fc00a2c39e90264f33305004495a9","hash":"9af0f5899803e9f8248e1f1eac32df9498c626df"}
,"/Users/burak/Desktop/react-native-instagram-clone/src/res/images/plusIcon.png": {"path":"/Users/burak/Desktop/react-native-instagram-clone/src/res/images/plusIcon.png","statementMap":{"0":{"start":{"line":1,"column":0},"end":{"line":4,"column":6}}},"fnMap":{},"branchMap":{},"s":{"0":1},"f":{},"b":{},"inputSourceMap":null,"_coverageSchema":"1a1c01bbd47fc00a2c39e90264f33305004495a9","hash":"a64faf9bca55d53f1e84ceb3881b8264f63f91cf"}
,"/Users/burak/Desktop/react-native-instagram-clone/src/res/images/profile.png": {"path":"/Users/burak/Desktop/react-native-instagram-clone/src/res/images/profile.png","statementMap":{"0":{"start":{"line":1,"column":0},"end":{"line":4,"column":6}}},"fnMap":{},"branchMap":{},"s":{"0":1},"f":{},"b":{},"inputSourceMap":null,"_coverageSchema":"1a1c01bbd47fc00a2c39e90264f33305004495a9","hash":"834fd1a2cf285461093fc8ace5c828900ee82522"}
,"/Users/burak/Desktop/react-native-instagram-clone/src/res/images/profile_selected.png": {"path":"/Users/burak/Desktop/react-native-instagram-clone/src/res/images/profile_selected.png","statementMap":{"0":{"start":{"line":1,"column":0},"end":{"line":4,"column":6}}},"fnMap":{},"branchMap":{},"s":{"0":1},"f":{},"b":{},"inputSourceMap":null,"_coverageSchema":"1a1c01bbd47fc00a2c39e90264f33305004495a9","hash":"6d814a66e4508bd6e726be0c85a390a8b7289486"}
,"/Users/burak/Desktop/react-native-instagram-clone/src/res/images/redHeart.png": {"path":"/Users/burak/Desktop/react-native-instagram-clone/src/res/images/redHeart.png","statementMap":{"0":{"start":{"line":1,"column":0},"end":{"line":4,"column":6}}},"fnMap":{},"branchMap":{},"s":{"0":1},"f":{},"b":{},"inputSourceMap":null,"_coverageSchema":"1a1c01bbd47fc00a2c39e90264f33305004495a9","hash":"2e8478bc7b4ab9eebd3ad3cd6fc91ac1e5a43301"}
,"/Users/burak/Desktop/react-native-instagram-clone/src/res/images/search.png": {"path":"/Users/burak/Desktop/react-native-instagram-clone/src/res/images/search.png","statementMap":{"0":{"start":{"line":1,"column":0},"end":{"line":4,"column":6}}},"fnMap":{},"branchMap":{},"s":{"0":1},"f":{},"b":{},"inputSourceMap":null,"_coverageSchema":"1a1c01bbd47fc00a2c39e90264f33305004495a9","hash":"66d43ad9a4e9800862869830167ae5e0c4b703d2"}
,"/Users/burak/Desktop/react-native-instagram-clone/src/res/images/searchInputIcon.png": {"path":"/Users/burak/Desktop/react-native-instagram-clone/src/res/images/searchInputIcon.png","statementMap":{"0":{"start":{"line":1,"column":0},"end":{"line":4,"column":6}}},"fnMap":{},"branchMap":{},"s":{"0":1},"f":{},"b":{},"inputSourceMap":null,"_coverageSchema":"1a1c01bbd47fc00a2c39e90264f33305004495a9","hash":"759f232bb53759ab470e54dbde00cb9176196ccf"}
,"/Users/burak/Desktop/react-native-instagram-clone/src/res/images/search_selected.png": {"path":"/Users/burak/Desktop/react-native-instagram-clone/src/res/images/search_selected.png","statementMap":{"0":{"start":{"line":1,"column":0},"end":{"line":4,"column":6}}},"fnMap":{},"branchMap":{},"s":{"0":1},"f":{},"b":{},"inputSourceMap":null,"_coverageSchema":"1a1c01bbd47fc00a2c39e90264f33305004495a9","hash":"8331fe1a4490d18613c690a0691eb7639f620b2d"}
,"/Users/burak/Desktop/react-native-instagram-clone/src/res/images/settings.png": {"path":"/Users/burak/Desktop/react-native-instagram-clone/src/res/images/settings.png","statementMap":{"0":{"start":{"line":1,"column":0},"end":{"line":4,"column":6}}},"fnMap":{},"branchMap":{},"s":{"0":1},"f":{},"b":{},"inputSourceMap":null,"_coverageSchema":"1a1c01bbd47fc00a2c39e90264f33305004495a9","hash":"7c68c34da4a7bcef3845612d8b2908ea449f0c23"}
,"/Users/burak/Desktop/react-native-instagram-clone/src/res/images/test.png": {"path":"/Users/burak/Desktop/react-native-instagram-clone/src/res/images/test.png","statementMap":{"0":{"start":{"line":1,"column":0},"end":{"line":4,"column":6}}},"fnMap":{},"branchMap":{},"s":{"0":1},"f":{},"b":{},"inputSourceMap":null,"_coverageSchema":"1a1c01bbd47fc00a2c39e90264f33305004495a9","hash":"07d639cb61b9786e5ab58d4c2d5bd3197cbcbe62"}
,"/Users/burak/Desktop/react-native-instagram-clone/src/res/images/video_camera.png": {"path":"/Users/burak/Desktop/react-native-instagram-clone/src/res/images/video_camera.png","statementMap":{"0":{"start":{"line":1,"column":0},"end":{"line":4,"column":6}}},"fnMap":{},"branchMap":{},"s":{"0":1},"f":{},"b":{},"inputSourceMap":null,"_coverageSchema":"1a1c01bbd47fc00a2c39e90264f33305004495a9","hash":"7f99c46d180d2d9d5362f860ca3c7e5d50a825ad"}
,"/Users/burak/Desktop/react-native-instagram-clone/src/res/images/write.png": {"path":"/Users/burak/Desktop/react-native-instagram-clone/src/res/images/write.png","statementMap":{"0":{"start":{"line":1,"column":0},"end":{"line":4,"column":6}}},"fnMap":{},"branchMap":{},"s":{"0":1},"f":{},"b":{},"inputSourceMap":null,"_coverageSchema":"1a1c01bbd47fc00a2c39e90264f33305004495a9","hash":"90a56095f6a01b06acbf89c03e58fdceed29f0ce"}
}
