TN:
SF:App.js
FN:5,App
FNF:1
FNH:1
FNDA:1,App
DA:6,1
LF:1
LH:1
BRF:0
BRH:0
end_of_record
TN:
SF:src/AppNavigator.js
FN:21,AppNavigator
FN:23,LoginScreen
FN:24,(anonymous_2)
FNF:3
FNH:2
FNDA:1,AppNavigator
FNDA:1,LoginScreen
FNDA:0,(anonymous_2)
DA:19,1
DA:22,1
DA:24,1
DA:25,0
DA:27,1
DA:108,1
DA:109,1
DA:127,1
LF:8
LH:7
BRDA:109,0,0,0
BRDA:109,0,1,1
BRF:2
BRH:1
end_of_record
TN:
SF:src/components/StoryListItem.js
FN:5,StoryListItem
FNF:1
FNH:0
FNDA:0,StoryListItem
DA:6,0
DA:29,1
LF:2
LH:1
BRF:0
BRH:0
end_of_record
TN:
SF:src/containers/main/MainNavigator.js
FN:12,MainNavigator
FN:14,(anonymous_1)
FN:32,(anonymous_2)
FN:73,(anonymous_3)
FN:75,(anonymous_4)
FN:87,(anonymous_5)
FN:88,(anonymous_6)
FN:95,(anonymous_7)
FN:103,(anonymous_8)
FN:111,(anonymous_9)
FN:129,(anonymous_10)
FNF:11
FNH:0
FNDA:0,MainNavigator
FNDA:0,(anonymous_1)
FNDA:0,(anonymous_2)
FNDA:0,(anonymous_3)
FNDA:0,(anonymous_4)
FNDA:0,(anonymous_5)
FNDA:0,(anonymous_6)
FNDA:0,(anonymous_7)
FNDA:0,(anonymous_8)
FNDA:0,(anonymous_9)
FNDA:0,(anonymous_10)
DA:13,0
DA:14,0
DA:15,0
DA:33,0
DA:73,0
DA:76,0
DA:88,0
DA:96,0
DA:103,0
DA:111,0
DA:129,0
LF:11
LH:0
BRF:0
BRH:0
end_of_record
TN:
SF:src/containers/main/TabNavigator.js
FN:14,TabNavigator
FN:27,(anonymous_1)
FN:28,(anonymous_2)
FNF:3
FNH:0
FNDA:0,TabNavigator
FNDA:0,(anonymous_1)
FNDA:0,(anonymous_2)
DA:15,0
DA:16,0
DA:27,0
DA:31,0
DA:32,0
DA:33,0
DA:34,0
DA:35,0
DA:36,0
DA:37,0
DA:38,0
DA:39,0
DA:40,0
DA:43,0
LF:14
LH:0
BRDA:31,0,0,0
BRDA:31,0,1,0
BRDA:32,1,0,0
BRDA:32,1,1,0
BRDA:33,2,0,0
BRDA:33,2,1,0
BRDA:34,3,0,0
BRDA:34,3,1,0
BRDA:35,4,0,0
BRDA:35,4,1,0
BRDA:36,5,0,0
BRDA:36,5,1,0
BRDA:37,6,0,0
BRDA:37,6,1,0
BRDA:38,7,0,0
BRDA:38,7,1,0
BRDA:39,8,0,0
BRDA:39,8,1,0
BRDA:40,9,0,0
BRDA:40,9,1,0
BRF:20
BRH:0
end_of_record
TN:
SF:src/containers/main/activity/activityNavigator.js
FN:7,activityNavigator
FN:17,(anonymous_1)
FNF:2
FNH:0
FNDA:0,activityNavigator
FNDA:0,(anonymous_1)
DA:8,0
DA:10,0
DA:18,0
LF:3
LH:0
BRF:0
BRH:0
end_of_record
TN:
SF:src/containers/main/activity/activityScreen.js
FN:5,activityScreen
FNF:1
FNH:0
FNDA:0,activityScreen
DA:6,0
LF:1
LH:0
BRF:0
BRH:0
end_of_record
TN:
SF:src/containers/main/addPost/addPostNavigator.js
FN:7,addPostNavigator
FNF:1
FNH:0
FNDA:0,addPostNavigator
DA:8,0
DA:10,0
LF:2
LH:0
BRF:0
BRH:0
end_of_record
TN:
SF:src/containers/main/addPost/addPostScreen.js
FN:5,addPostScreen
FNF:1
FNH:0
FNDA:0,addPostScreen
DA:6,0
LF:1
LH:0
BRF:0
BRH:0
end_of_record
TN:
SF:src/containers/main/home/homeNavigator.js
FN:18,(anonymous_0)
FN:26,(anonymous_1)
FN:32,(anonymous_2)
FN:35,(anonymous_3)
FN:43,(anonymous_4)
FN:47,(anonymous_5)
FNF:6
FNH:0
FNDA:0,(anonymous_0)
FNDA:0,(anonymous_1)
FNDA:0,(anonymous_2)
FNDA:0,(anonymous_3)
FNDA:0,(anonymous_4)
FNDA:0,(anonymous_5)
DA:19,0
DA:20,0
DA:21,0
DA:26,0
DA:33,0
DA:35,0
DA:44,0
DA:47,0
DA:77,1
LF:9
LH:1
BRF:0
BRH:0
end_of_record
TN:
SF:src/containers/main/home/homeScreen.js
FN:10,homeScreen
FN:24,(anonymous_1)
FN:73,(anonymous_2)
FN:76,(anonymous_3)
FNF:4
FNH:0
FNDA:0,homeScreen
FNDA:0,(anonymous_1)
FNDA:0,(anonymous_2)
FNDA:0,(anonymous_3)
DA:11,0
DA:24,0
DA:26,0
DA:36,0
DA:69,0
DA:74,0
DA:84,0
LF:7
LH:0
BRF:0
BRH:0
end_of_record
TN:
SF:src/containers/main/home/DirectMessage/DirectMessageScreen.js
FN:12,DirectMessageScreen
FN:18,(anonymous_1)
FNF:2
FNH:0
FNDA:0,DirectMessageScreen
FNDA:0,(anonymous_1)
DA:10,1
DA:13,0
DA:19,0
LF:3
LH:1
BRF:0
BRH:0
end_of_record
TN:
SF:src/containers/main/home/DirectMessage/DirectMessageSearch.js
FN:5,DirectMessageSearch
FNF:1
FNH:0
FNDA:0,DirectMessageSearch
DA:6,0
LF:1
LH:0
BRF:0
BRH:0
end_of_record
TN:
SF:src/containers/main/home/DirectMessage/MessageListItem.js
FN:7,MessageListItem
FNF:1
FNH:0
FNDA:0,MessageListItem
DA:8,0
LF:1
LH:0
BRF:0
BRH:0
end_of_record
TN:
SF:src/containers/main/home/DirectMessage/MessagesList.js
FN:34,MessagesList
FN:38,(anonymous_1)
FNF:2
FNH:0
FNDA:0,MessagesList
FNDA:0,(anonymous_1)
DA:8,1
DA:35,0
DA:38,0
LF:3
LH:1
BRF:0
BRH:0
end_of_record
TN:
SF:src/containers/main/home/DirectMessage/Title.js
FN:5,Title
FNF:1
FNH:0
FNDA:0,Title
DA:6,0
LF:1
LH:0
BRF:0
BRH:0
end_of_record
TN:
SF:src/containers/main/home/StoryCamera/StoryCamera.js
FN:6,StoryCamera
FN:9,(anonymous_1)
FN:21,(anonymous_2)
FN:24,(anonymous_3)
FNF:4
FNH:0
FNDA:0,StoryCamera
FNDA:0,(anonymous_1)
FNDA:0,(anonymous_2)
FNDA:0,(anonymous_3)
DA:9,0
DA:10,0
DA:11,0
DA:13,0
DA:16,0
DA:22,0
DA:24,0
DA:34,1
LF:8
LH:1
BRF:0
BRH:0
end_of_record
TN:
SF:src/containers/main/home/post/Post.js
FN:10,Post
FNF:1
FNH:0
FNDA:0,Post
DA:11,0
LF:1
LH:0
BRF:0
BRH:0
end_of_record
TN:
SF:src/containers/main/home/post/PostActions.js
FN:5,tapToLike
FN:12,tapToBookmark
FN:20,PostActions
FN:26,(anonymous_3)
FN:29,(anonymous_4)
FN:32,(anonymous_5)
FN:36,(anonymous_6)
FNF:7
FNH:0
FNDA:0,tapToLike
FNDA:0,tapToBookmark
FNDA:0,PostActions
FNDA:0,(anonymous_3)
FNDA:0,(anonymous_4)
FNDA:0,(anonymous_5)
FNDA:0,(anonymous_6)
DA:6,0
DA:7,0
DA:9,0
DA:13,0
DA:14,0
DA:16,0
DA:21,0
DA:22,0
DA:23,0
DA:26,0
DA:29,0
DA:32,0
DA:36,0
DA:46,1
LF:14
LH:1
BRDA:6,0,0,0
BRDA:6,0,1,0
BRDA:13,1,0,0
BRDA:13,1,1,0
BRF:4
BRH:0
end_of_record
TN:
SF:src/containers/main/home/post/PostComments.js
FN:5,PostComments
FN:9,(anonymous_1)
FNF:2
FNH:0
FNDA:0,PostComments
FNDA:0,(anonymous_1)
DA:6,0
DA:9,0
LF:2
LH:0
BRF:0
BRH:0
end_of_record
TN:
SF:src/containers/main/home/post/PostHeader.js
FN:8,PostHeader
FNF:1
FNH:0
FNDA:0,PostHeader
DA:9,0
DA:30,1
LF:2
LH:1
BRF:0
BRH:0
end_of_record
TN:
SF:src/containers/main/home/post/PostImage.js
FN:4,PostImage
FNF:1
FNH:0
FNDA:0,PostImage
DA:5,0
DA:8,1
LF:2
LH:1
BRF:0
BRH:0
end_of_record
TN:
SF:src/containers/main/home/post/PostLikes.js
FN:5,PostLikes
FN:8,(anonymous_1)
FNF:2
FNH:0
FNDA:0,PostLikes
FNDA:0,(anonymous_1)
DA:6,0
DA:8,0
LF:2
LH:0
BRF:0
BRH:0
end_of_record
TN:
SF:src/containers/main/home/post/PostPublishDate.js
FN:5,PostPublishDate
FN:7,(anonymous_1)
FNF:2
FNH:0
FNDA:0,PostPublishDate
FNDA:0,(anonymous_1)
DA:6,0
DA:7,0
LF:2
LH:0
BRF:0
BRH:0
end_of_record
TN:
SF:src/containers/main/home/post/PostText.js
FN:5,PostText
FNF:1
FNH:0
FNDA:0,PostText
DA:6,0
LF:1
LH:0
BRF:0
BRH:0
end_of_record
TN:
SF:src/containers/main/home/story/StoryContainer.js
FN:7,StoryContainer
FN:15,(anonymous_1)
FN:18,(anonymous_2)
FNF:3
FNH:0
FNDA:0,StoryContainer
FNDA:0,(anonymous_1)
FNDA:0,(anonymous_2)
DA:8,0
DA:16,0
DA:18,0
DA:25,1
LF:4
LH:1
BRF:0
BRH:0
end_of_record
TN:
SF:src/containers/main/home/story/StoryListItem.js
FN:5,StoryListItem
FNF:1
FNH:0
FNDA:0,StoryListItem
DA:6,0
DA:29,1
LF:2
LH:1
BRF:0
BRH:0
end_of_record
TN:
SF:src/containers/main/home/story/StoryScreen.js
FN:4,StoryScreen
FNF:1
FNH:0
FNDA:0,StoryScreen
DA:5,0
LF:1
LH:0
BRF:0
BRH:0
end_of_record
TN:
SF:src/containers/main/profile/ConstantStories.js
FN:8,ConstantStories
FNF:1
FNH:0
FNDA:0,ConstantStories
DA:9,0
LF:1
LH:0
BRF:0
BRH:0
end_of_record
TN:
SF:src/containers/main/profile/EditProfileButton.js
FN:6,EditProfileButton
FNF:1
FNH:0
FNDA:0,EditProfileButton
DA:7,0
LF:1
LH:0
BRF:0
BRH:0
end_of_record
TN:
SF:src/containers/main/profile/LineSeperator.js
FN:4,LineSeperator
FNF:1
FNH:0
FNDA:0,LineSeperator
DA:5,0
LF:1
LH:0
BRF:0
BRH:0
end_of_record
TN:
SF:src/containers/main/profile/ProfileGrid.js
FN:22,Test
FN:26,(anonymous_1)
FN:42,ProfileGrid
FN:47,(anonymous_3)
FNF:4
FNH:0
FNDA:0,Test
FNDA:0,(anonymous_1)
FNDA:0,ProfileGrid
FNDA:0,(anonymous_3)
DA:5,1
DA:23,0
DA:26,0
DA:43,0
DA:47,0
LF:5
LH:1
BRF:0
BRH:0
end_of_record
TN:
SF:src/containers/main/profile/ProfileHeader.js
FN:5,ProfileHeader
FNF:1
FNH:0
FNDA:0,ProfileHeader
DA:6,0
DA:39,1
LF:2
LH:1
BRF:0
BRH:0
end_of_record
TN:
SF:src/containers/main/profile/UserBio.js
FN:4,UserBio
FNF:1
FNH:0
FNDA:0,UserBio
DA:5,0
LF:1
LH:0
BRF:0
BRH:0
end_of_record
TN:
SF:src/containers/main/profile/gridIcon.js
FN:6,GridIcon
FNF:1
FNH:0
FNDA:0,GridIcon
DA:7,0
LF:1
LH:0
BRF:0
BRH:0
end_of_record
TN:
SF:src/containers/main/profile/profileNavigator.js
FN:9,profileNavigator
FN:31,(anonymous_1)
FN:47,(anonymous_2)
FNF:3
FNH:0
FNDA:0,profileNavigator
FNDA:0,(anonymous_1)
FNDA:0,(anonymous_2)
DA:10,0
DA:12,0
DA:32,0
DA:48,0
LF:4
LH:0
BRF:0
BRH:0
end_of_record
TN:
SF:src/containers/main/profile/profileScreen.js
FN:16,profileScreen
FN:27,(anonymous_1)
FNF:2
FNH:0
FNDA:0,profileScreen
FNDA:0,(anonymous_1)
DA:14,1
DA:17,0
DA:28,0
LF:3
LH:1
BRF:0
BRH:0
end_of_record
TN:
SF:src/containers/main/search/SearchGrid.js
FN:21,Test
FN:132,SearchGrid
FN:137,(anonymous_2)
FNF:3
FNH:0
FNDA:0,Test
FNDA:0,SearchGrid
FNDA:0,(anonymous_2)
DA:5,1
DA:22,0
DA:133,0
DA:137,0
LF:4
LH:1
BRF:0
BRH:0
end_of_record
TN:
SF:src/containers/main/search/SearchTopTags.js
FN:21,TagContainer
FN:23,(anonymous_1)
FN:48,SearchTopTags
FN:55,(anonymous_3)
FNF:4
FNH:0
FNDA:0,TagContainer
FNDA:0,(anonymous_1)
FNDA:0,SearchTopTags
FNDA:0,(anonymous_3)
DA:6,1
DA:22,0
DA:23,0
DA:49,0
DA:55,0
LF:5
LH:1
BRF:0
BRH:0
end_of_record
TN:
SF:src/containers/main/search/searchNavigator.js
FN:9,searchNavigator
FN:23,(anonymous_1)
FN:24,(anonymous_2)
FNF:3
FNH:0
FNDA:0,searchNavigator
FNDA:0,(anonymous_1)
FNDA:0,(anonymous_2)
DA:10,0
DA:12,0
DA:23,0
DA:25,0
LF:4
LH:0
BRF:0
BRH:0
end_of_record
TN:
SF:src/containers/main/search/searchScreen.js
FN:8,searchScreen
FNF:1
FNH:0
FNDA:0,searchScreen
DA:9,0
LF:1
LH:0
BRF:0
BRH:0
end_of_record
TN:
SF:src/res/colors.js
FNF:0
FNH:0
DA:1,1
LF:1
LH:1
BRF:0
BRH:0
end_of_record
TN:
SF:src/res/images.js
FNF:0
FNH:0
DA:1,1
LF:1
LH:1
BRF:0
BRH:0
end_of_record
TN:
SF:src/res/palette.js
FNF:0
FNH:0
DA:2,1
LF:1
LH:1
BRF:0
BRH:0
end_of_record
TN:
SF:src/res/images/activity.png
FNF:0
FNH:0
DA:1,1
LF:1
LH:1
BRF:0
BRH:0
end_of_record
TN:
SF:src/res/images/activity_selected.png
FNF:0
FNH:0
DA:1,1
LF:1
LH:1
BRF:0
BRH:0
end_of_record
TN:
SF:src/res/images/add.png
FNF:0
FNH:0
DA:1,1
LF:1
LH:1
BRF:0
BRH:0
end_of_record
TN:
SF:src/res/images/addIcon.png
FNF:0
FNH:0
DA:1,1
LF:1
LH:1
BRF:0
BRH:0
end_of_record
TN:
SF:src/res/images/add_selected.png
FNF:0
FNH:0
DA:1,1
LF:1
LH:1
BRF:0
BRH:0
end_of_record
TN:
SF:src/res/images/backButton.png
FNF:0
FNH:0
DA:1,1
LF:1
LH:1
BRF:0
BRH:0
end_of_record
TN:
SF:src/res/images/bookmark.png
FNF:0
FNH:0
DA:1,1
LF:1
LH:1
BRF:0
BRH:0
end_of_record
TN:
SF:src/res/images/bookmarkWhite.png
FNF:0
FNH:0
DA:1,1
LF:1
LH:1
BRF:0
BRH:0
end_of_record
TN:
SF:src/res/images/close.png
FNF:0
FNH:0
DA:1,1
LF:1
LH:1
BRF:0
BRH:0
end_of_record
TN:
SF:src/res/images/comment.png
FNF:0
FNH:0
DA:1,1
LF:1
LH:1
BRF:0
BRH:0
end_of_record
TN:
SF:src/res/images/direct_message.png
FNF:0
FNH:0
DA:1,1
LF:1
LH:1
BRF:0
BRH:0
end_of_record
TN:
SF:src/res/images/dmBackButton.png
FNF:0
FNH:0
DA:1,1
LF:1
LH:1
BRF:0
BRH:0
end_of_record
TN:
SF:src/res/images/dmBottomCamera.png
FNF:0
FNH:0
DA:1,1
LF:1
LH:1
BRF:0
BRH:0
end_of_record
TN:
SF:src/res/images/dot.png
FNF:0
FNH:0
DA:1,1
LF:1
LH:1
BRF:0
BRH:0
end_of_record
TN:
SF:src/res/images/facebookLogo.png
FNF:0
FNH:0
DA:1,1
LF:1
LH:1
BRF:0
BRH:0
end_of_record
TN:
SF:src/res/images/flash.png
FNF:0
FNH:0
DA:1,1
LF:1
LH:1
BRF:0
BRH:0
end_of_record
TN:
SF:src/res/images/gridIcon.png
FNF:0
FNH:0
DA:1,1
LF:1
LH:1
BRF:0
BRH:0
end_of_record
TN:
SF:src/res/images/home.png
FNF:0
FNH:0
DA:1,1
LF:1
LH:1
BRF:0
BRH:0
end_of_record
TN:
SF:src/res/images/home_selected.png
FNF:0
FNH:0
DA:1,1
LF:1
LH:1
BRF:0
BRH:0
end_of_record
TN:
SF:src/res/images/like.png
FNF:0
FNH:0
DA:1,1
LF:1
LH:1
BRF:0
BRH:0
end_of_record
TN:
SF:src/res/images/list3.png
FNF:0
FNH:0
DA:1,1
LF:1
LH:1
BRF:0
BRH:0
end_of_record
TN:
SF:src/res/images/logo.png
FNF:0
FNH:0
DA:1,1
LF:1
LH:1
BRF:0
BRH:0
end_of_record
TN:
SF:src/res/images/logoBlack.png
FNF:0
FNH:0
DA:1,1
LF:1
LH:1
BRF:0
BRH:0
end_of_record
TN:
SF:src/res/images/more.png
FNF:0
FNH:0
DA:1,1
LF:1
LH:1
BRF:0
BRH:0
end_of_record
TN:
SF:src/res/images/photo_camera.png
FNF:0
FNH:0
DA:1,1
LF:1
LH:1
BRF:0
BRH:0
end_of_record
TN:
SF:src/res/images/plusIcon.png
FNF:0
FNH:0
DA:1,1
LF:1
LH:1
BRF:0
BRH:0
end_of_record
TN:
SF:src/res/images/profile.png
FNF:0
FNH:0
DA:1,1
LF:1
LH:1
BRF:0
BRH:0
end_of_record
TN:
SF:src/res/images/profile_selected.png
FNF:0
FNH:0
DA:1,1
LF:1
LH:1
BRF:0
BRH:0
end_of_record
TN:
SF:src/res/images/redHeart.png
FNF:0
FNH:0
DA:1,1
LF:1
LH:1
BRF:0
BRH:0
end_of_record
TN:
SF:src/res/images/search.png
FNF:0
FNH:0
DA:1,1
LF:1
LH:1
BRF:0
BRH:0
end_of_record
TN:
SF:src/res/images/searchInputIcon.png
FNF:0
FNH:0
DA:1,1
LF:1
LH:1
BRF:0
BRH:0
end_of_record
TN:
SF:src/res/images/search_selected.png
FNF:0
FNH:0
DA:1,1
LF:1
LH:1
BRF:0
BRH:0
end_of_record
TN:
SF:src/res/images/settings.png
FNF:0
FNH:0
DA:1,1
LF:1
LH:1
BRF:0
BRH:0
end_of_record
TN:
SF:src/res/images/test.png
FNF:0
FNH:0
DA:1,1
LF:1
LH:1
BRF:0
BRH:0
end_of_record
TN:
SF:src/res/images/video_camera.png
FNF:0
FNH:0
DA:1,1
LF:1
LH:1
BRF:0
BRH:0
end_of_record
TN:
SF:src/res/images/write.png
FNF:0
FNH:0
DA:1,1
LF:1
LH:1
BRF:0
BRH:0
end_of_record
